02|09/14/11 20:10:16|Config file loaded: d:\workspace\aimir-doc\help & manual\hems\ko\html\hems_ko.zcfg
10|09/14/11 20:10:18|Start indexing (offline mode) at Wed Sep 14 20:10:18 2011
02|09/14/11 20:10:18|Maximum number of words: 500000
02|09/14/11 20:10:18|Maximum number of files: 65500
02|09/14/11 20:10:18|Will scan files with extensions
02|09/14/11 20:10:18|     .htm
02|09/14/11 20:10:18|Search root directory: d:\workspace\aimir-doc\help & manual\hems\ko\html
02|09/14/11 20:10:18|Web site URL: ./
02|09/14/11 20:10:18|Estimated RAM required during index process: 659339 KB
09|09/14/11 20:10:18|Warning: Low RAM. Indexer may run very slowly
02|09/14/11 20:10:18|Total RAM: 2022236 KB
02|09/14/11 20:10:18|Available RAM: 218484 KB
01|09/14/11 20:10:18|Skipping d:\workspace\aimir-doc\help & manual\hems\ko\html\.svn\all-wcprops (Blocked by extensions list)
01|09/14/11 20:10:18|Skipping d:\workspace\aimir-doc\help & manual\hems\ko\html\.svn\entries (Blocked by extensions list)
01|09/14/11 20:10:18|Skipping d:\workspace\aimir-doc\help & manual\hems\ko\html\.svn\prop-base\bg_top.gif.svn-base (Blocked by extensions list)
01|09/14/11 20:10:18|Skipping d:\workspace\aimir-doc\help & manual\hems\ko\html\.svn\prop-base\bg_top2.gif.svn-base (Blocked by extensions list)
01|09/14/11 20:10:18|Skipping d:\workspace\aimir-doc\help & manual\hems\ko\html\.svn\prop-base\btn_back_h_1.jpg.svn-base (Blocked by extensions list)
01|09/14/11 20:10:18|Skipping d:\workspace\aimir-doc\help & manual\hems\ko\html\.svn\prop-base\btn_back_n_1.jpg.svn-base (Blocked by extensions list)
01|09/14/11 20:10:18|Skipping d:\workspace\aimir-doc\help & manual\hems\ko\html\.svn\prop-base\btn_cancel.png.svn-base (Blocked by extensions list)
01|09/14/11 20:10:18|Skipping d:\workspace\aimir-doc\help & manual\hems\ko\html\.svn\prop-base\btn_homedeviceInsert.png.svn-base (Blocked by extensions list)
01|09/14/11 20:10:18|Skipping d:\workspace\aimir-doc\help & manual\hems\ko\html\.svn\prop-base\btn_next_h.gif.svn-base (Blocked by extensions list)
01|09/14/11 20:10:18|Skipping d:\workspace\aimir-doc\help & manual\hems\ko\html\.svn\prop-base\btn_next_h_1.jpg.svn-base (Blocked by extensions list)
01|09/14/11 20:10:18|Skipping d:\workspace\aimir-doc\help & manual\hems\ko\html\.svn\prop-base\btn_next_n.gif.svn-base (Blocked by extensions list)
01|09/14/11 20:10:18|Skipping d:\workspace\aimir-doc\help & manual\hems\ko\html\.svn\prop-base\btn_next_n_1.jpg.svn-base (Blocked by extensions list)
01|09/14/11 20:10:18|Skipping d:\workspace\aimir-doc\help & manual\hems\ko\html\.svn\prop-base\btn_next_n_1.png.svn-base (Blocked by extensions list)
01|09/14/11 20:10:18|Skipping d:\workspace\aimir-doc\help & manual\hems\ko\html\.svn\prop-base\btn_next_n_2.png.svn-base (Blocked by extensions list)
01|09/14/11 20:10:18|Skipping d:\workspace\aimir-doc\help & manual\hems\ko\html\.svn\prop-base\btn_ok.png.svn-base (Blocked by extensions list)
01|09/14/11 20:10:18|Skipping d:\workspace\aimir-doc\help & manual\hems\ko\html\.svn\prop-base\btn_prev_h.gif.svn-base (Blocked by extensions list)
01|09/14/11 20:10:18|Skipping d:\workspace\aimir-doc\help & manual\hems\ko\html\.svn\prop-base\btn_prev_h_1.png.svn-base (Blocked by extensions list)
01|09/14/11 20:10:18|Skipping d:\workspace\aimir-doc\help & manual\hems\ko\html\.svn\prop-base\btn_prev_n.gif.svn-base (Blocked by extensions list)
01|09/14/11 20:10:18|Skipping d:\workspace\aimir-doc\help & manual\hems\ko\html\.svn\prop-base\btn_prev_n_1.png.svn-base (Blocked by extensions list)
01|09/14/11 20:10:18|Skipping d:\workspace\aimir-doc\help & manual\hems\ko\html\.svn\prop-base\btn_prev_n_2.png.svn-base (Blocked by extensions list)
01|09/14/11 20:10:18|Skipping d:\workspace\aimir-doc\help & manual\hems\ko\html\.svn\prop-base\cicon1.gif.svn-base (Blocked by extensions list)
01|09/14/11 20:10:18|Skipping d:\workspace\aimir-doc\help & manual\hems\ko\html\.svn\prop-base\cicon2.gif.svn-base (Blocked by extensions list)
01|09/14/11 20:10:18|Skipping d:\workspace\aimir-doc\help & manual\hems\ko\html\.svn\prop-base\cicon9.gif.svn-base (Blocked by extensions list)
01|09/14/11 20:10:18|Skipping d:\workspace\aimir-doc\help & manual\hems\ko\html\.svn\prop-base\cicon_loadindex_ani.gif.svn-base (Blocked by extensions list)
01|09/14/11 20:10:18|Skipping d:\workspace\aimir-doc\help & manual\hems\ko\html\.svn\prop-base\electconsumptionmax_device.png.svn-base (Blocked by extensions list)
01|09/14/11 20:10:18|Skipping d:\workspace\aimir-doc\help & manual\hems\ko\html\.svn\prop-base\electconsumptionmax_device.zoom77.png.svn-base (Blocked by extensions list)
01|09/14/11 20:10:18|Skipping d:\workspace\aimir-doc\help & manual\hems\ko\html\.svn\prop-base\electconsumptionmax_device.zoom78.png.svn-base (Blocked by extensions list)
01|09/14/11 20:10:18|Skipping d:\workspace\aimir-doc\help & manual\hems\ko\html\.svn\prop-base\electconsumptionmax_period.png.svn-base (Blocked by extensions list)
01|09/14/11 20:10:19|Skipping d:\workspace\aimir-doc\help & manual\hems\ko\html\.svn\prop-base\electconsumptionmax_period.zoom77.png.svn-base (Blocked by extensions list)
01|09/14/11 20:10:19|Skipping d:\workspace\aimir-doc\help & manual\hems\ko\html\.svn\prop-base\electconsumptionmax_period.zoom78.png.svn-base (Blocked by extensions list)
01|09/14/11 20:10:19|Skipping d:\workspace\aimir-doc\help & manual\hems\ko\html\.svn\prop-base\electconsumptionmax_summary.png.svn-base (Blocked by extensions list)
01|09/14/11 20:10:19|Skipping d:\workspace\aimir-doc\help & manual\hems\ko\html\.svn\prop-base\electconsumptionmax_summary.zoom77.png.svn-base (Blocked by extensions list)
01|09/14/11 20:10:19|Skipping d:\workspace\aimir-doc\help & manual\hems\ko\html\.svn\prop-base\electconsumptionmax_summary.zoom78.png.svn-base (Blocked by extensions list)
01|09/14/11 20:10:19|Skipping d:\workspace\aimir-doc\help & manual\hems\ko\html\.svn\prop-base\electconsumptionmini_device.png.svn-base (Blocked by extensions list)
01|09/14/11 20:10:19|Skipping d:\workspace\aimir-doc\help & manual\hems\ko\html\.svn\prop-base\electconsumptionmini_device.zoom78.png.svn-base (Blocked by extensions list)
01|09/14/11 20:10:19|Skipping d:\workspace\aimir-doc\help & manual\hems\ko\html\.svn\prop-base\electconsumptionmini_device_daily.png.svn-base (Blocked by extensions list)
01|09/14/11 20:10:19|Skipping d:\workspace\aimir-doc\help & manual\hems\ko\html\.svn\prop-base\electconsumptionmini_device_daily.zoom78.png.svn-base (Blocked by extensions list)
01|09/14/11 20:10:19|Skipping d:\workspace\aimir-doc\help & manual\hems\ko\html\.svn\prop-base\electconsumptionmini_device_linkedchart.zoom87.png.svn-base (Blocked by extensions list)
01|09/14/11 20:10:19|Skipping d:\workspace\aimir-doc\help & manual\hems\ko\html\.svn\prop-base\electconsumptionmini_device_monthly.png.svn-base (Blocked by extensions list)
01|09/14/11 20:10:19|Skipping d:\workspace\aimir-doc\help & manual\hems\ko\html\.svn\prop-base\electconsumptionmini_device_monthly.zoom78.png.svn-base (Blocked by extensions list)
01|09/14/11 20:10:19|Skipping d:\workspace\aimir-doc\help & manual\hems\ko\html\.svn\prop-base\electconsumptionmini_period.png.svn-base (Blocked by extensions list)
01|09/14/11 20:10:19|Skipping d:\workspace\aimir-doc\help & manual\hems\ko\html\.svn\prop-base\electconsumptionmini_period.zoom78.png.svn-base (Blocked by extensions list)
01|09/14/11 20:10:19|Skipping d:\workspace\aimir-doc\help & manual\hems\ko\html\.svn\prop-base\electconsumptionmini_period_daily.png.svn-base (Blocked by extensions list)
01|09/14/11 20:10:19|Skipping d:\workspace\aimir-doc\help & manual\hems\ko\html\.svn\prop-base\electconsumptionmini_period_daily.zoom78.png.svn-base (Blocked by extensions list)
01|09/14/11 20:10:19|Skipping d:\workspace\aimir-doc\help & manual\hems\ko\html\.svn\prop-base\electconsumptionmini_period_monthly.png.svn-base (Blocked by extensions list)
01|09/14/11 20:10:19|Skipping d:\workspace\aimir-doc\help & manual\hems\ko\html\.svn\prop-base\electconsumptionmini_period_monthly.zoom78.png.svn-base (Blocked by extensions list)
01|09/14/11 20:10:19|Skipping d:\workspace\aimir-doc\help & manual\hems\ko\html\.svn\prop-base\electconsumptionmini_summary.png.svn-base (Blocked by extensions list)
01|09/14/11 20:10:19|Skipping d:\workspace\aimir-doc\help & manual\hems\ko\html\.svn\prop-base\electconsumptionmini_summary.zoom81.png.svn-base (Blocked by extensions list)
01|09/14/11 20:10:19|Skipping d:\workspace\aimir-doc\help & manual\hems\ko\html\.svn\prop-base\electsavingsgoalmax.png.svn-base (Blocked by extensions list)
01|09/14/11 20:10:19|Skipping d:\workspace\aimir-doc\help & manual\hems\ko\html\.svn\prop-base\electsavingsgoalmax.zoom76.png.svn-base (Blocked by extensions list)
01|09/14/11 20:10:19|Skipping d:\workspace\aimir-doc\help & manual\hems\ko\html\.svn\prop-base\electsavingsgoalmini.png.svn-base (Blocked by extensions list)
01|09/14/11 20:10:19|Skipping d:\workspace\aimir-doc\help & manual\hems\ko\html\.svn\prop-base\electsavingsgoalmini.zoom84.png.svn-base (Blocked by extensions list)
01|09/14/11 20:10:19|Skipping d:\workspace\aimir-doc\help & manual\hems\ko\html\.svn\prop-base\embim1.png.svn-base (Blocked by extensions list)
01|09/14/11 20:10:19|Skipping d:\workspace\aimir-doc\help & manual\hems\ko\html\.svn\prop-base\embim10.png.svn-base (Blocked by extensions list)
01|09/14/11 20:10:19|Skipping d:\workspace\aimir-doc\help & manual\hems\ko\html\.svn\prop-base\embim11.png.svn-base (Blocked by extensions list)
01|09/14/11 20:10:19|Skipping d:\workspace\aimir-doc\help & manual\hems\ko\html\.svn\prop-base\embim12.png.svn-base (Blocked by extensions list)
01|09/14/11 20:10:19|Skipping d:\workspace\aimir-doc\help & manual\hems\ko\html\.svn\prop-base\embim13.png.svn-base (Blocked by extensions list)
01|09/14/11 20:10:19|Skipping d:\workspace\aimir-doc\help & manual\hems\ko\html\.svn\prop-base\embim14.png.svn-base (Blocked by extensions list)
01|09/14/11 20:10:19|Skipping d:\workspace\aimir-doc\help & manual\hems\ko\html\.svn\prop-base\embim15.png.svn-base (Blocked by extensions list)
01|09/14/11 20:10:19|Skipping d:\workspace\aimir-doc\help & manual\hems\ko\html\.svn\prop-base\embim16.png.svn-base (Blocked by extensions list)
01|09/14/11 20:10:19|Skipping d:\workspace\aimir-doc\help & manual\hems\ko\html\.svn\prop-base\embim17.png.svn-base (Blocked by extensions list)
01|09/14/11 20:10:19|Skipping d:\workspace\aimir-doc\help & manual\hems\ko\html\.svn\prop-base\embim2.png.svn-base (Blocked by extensions list)
01|09/14/11 20:10:19|Skipping d:\workspace\aimir-doc\help & manual\hems\ko\html\.svn\prop-base\embim3.png.svn-base (Blocked by extensions list)
01|09/14/11 20:10:19|Skipping d:\workspace\aimir-doc\help & manual\hems\ko\html\.svn\prop-base\embim4.png.svn-base (Blocked by extensions list)
01|09/14/11 20:10:19|Skipping d:\workspace\aimir-doc\help & manual\hems\ko\html\.svn\prop-base\embim5.png.svn-base (Blocked by extensions list)
01|09/14/11 20:10:19|Skipping d:\workspace\aimir-doc\help & manual\hems\ko\html\.svn\prop-base\embim6.png.svn-base (Blocked by extensions list)
01|09/14/11 20:10:19|Skipping d:\workspace\aimir-doc\help & manual\hems\ko\html\.svn\prop-base\embim7.png.svn-base (Blocked by extensions list)
01|09/14/11 20:10:19|Skipping d:\workspace\aimir-doc\help & manual\hems\ko\html\.svn\prop-base\embim8.png.svn-base (Blocked by extensions list)
01|09/14/11 20:10:19|Skipping d:\workspace\aimir-doc\help & manual\hems\ko\html\.svn\prop-base\embim9.png.svn-base (Blocked by extensions list)
01|09/14/11 20:10:19|Skipping d:\workspace\aimir-doc\help & manual\hems\ko\html\.svn\prop-base\energySavingsGoalgridSort.png.svn-base (Blocked by extensions list)
01|09/14/11 20:10:19|Skipping d:\workspace\aimir-doc\help & manual\hems\ko\html\.svn\prop-base\energysavingsgoalgridsort.zoom76.png.svn-base (Blocked by extensions list)
01|09/14/11 20:10:19|Skipping d:\workspace\aimir-doc\help & manual\hems\ko\html\.svn\prop-base\energysavingsgoalgridsort.zoom77.png.svn-base (Blocked by extensions list)
01|09/14/11 20:10:19|Skipping d:\workspace\aimir-doc\help & manual\hems\ko\html\.svn\prop-base\gadgetcomponent.png.svn-base (Blocked by extensions list)
01|09/14/11 20:10:19|Skipping d:\workspace\aimir-doc\help & manual\hems\ko\html\.svn\prop-base\gasconsumptionmax.png.svn-base (Blocked by extensions list)
01|09/14/11 20:10:19|Skipping d:\workspace\aimir-doc\help & manual\hems\ko\html\.svn\prop-base\gasconsumptionmax.zoom77.png.svn-base (Blocked by extensions list)
01|09/14/11 20:10:19|Skipping d:\workspace\aimir-doc\help & manual\hems\ko\html\.svn\prop-base\gasconsumptionmax_2.png.svn-base (Blocked by extensions list)
01|09/14/11 20:10:19|Skipping d:\workspace\aimir-doc\help & manual\hems\ko\html\.svn\prop-base\gasconsumptionmax_2.zoom77.png.svn-base (Blocked by extensions list)
01|09/14/11 20:10:19|Skipping d:\workspace\aimir-doc\help & manual\hems\ko\html\.svn\prop-base\gasconsumptionmini_period.png.svn-base (Blocked by extensions list)
01|09/14/11 20:10:19|Skipping d:\workspace\aimir-doc\help & manual\hems\ko\html\.svn\prop-base\gasconsumptionmini_period.zoom75.png.svn-base (Blocked by extensions list)
01|09/14/11 20:10:19|Skipping d:\workspace\aimir-doc\help & manual\hems\ko\html\.svn\prop-base\gasconsumptionmini_period.zoom76.png.svn-base (Blocked by extensions list)
01|09/14/11 20:10:19|Skipping d:\workspace\aimir-doc\help & manual\hems\ko\html\.svn\prop-base\gasconsumptionmini_period.zoom77.png.svn-base (Blocked by extensions list)
01|09/14/11 20:10:19|Skipping d:\workspace\aimir-doc\help & manual\hems\ko\html\.svn\prop-base\gasconsumptionmini_period.zoom78.png.svn-base (Blocked by extensions list)
01|09/14/11 20:10:19|Skipping d:\workspace\aimir-doc\help & manual\hems\ko\html\.svn\prop-base\gasconsumptionmini_period_daily.png.svn-base (Blocked by extensions list)
01|09/14/11 20:10:19|Skipping d:\workspace\aimir-doc\help & manual\hems\ko\html\.svn\prop-base\gasconsumptionmini_period_daily.zoom73.png.svn-base (Blocked by extensions list)
01|09/14/11 20:10:19|Skipping d:\workspace\aimir-doc\help & manual\hems\ko\html\.svn\prop-base\gasconsumptionmini_period_daily.zoom75.png.svn-base (Blocked by extensions list)
01|09/14/11 20:10:19|Skipping d:\workspace\aimir-doc\help & manual\hems\ko\html\.svn\prop-base\gasconsumptionmini_period_daily.zoom77.png.svn-base (Blocked by extensions list)
01|09/14/11 20:10:19|Skipping d:\workspace\aimir-doc\help & manual\hems\ko\html\.svn\prop-base\gasconsumptionmini_period_daily.zoom78.png.svn-base (Blocked by extensions list)
01|09/14/11 20:10:19|Skipping d:\workspace\aimir-doc\help & manual\hems\ko\html\.svn\prop-base\gasconsumptionmini_period_monthly.png.svn-base (Blocked by extensions list)
01|09/14/11 20:10:19|Skipping d:\workspace\aimir-doc\help & manual\hems\ko\html\.svn\prop-base\gasconsumptionmini_period_monthly.zoom74.png.svn-base (Blocked by extensions list)
01|09/14/11 20:10:19|Skipping d:\workspace\aimir-doc\help & manual\hems\ko\html\.svn\prop-base\gasconsumptionmini_period_monthly.zoom77.png.svn-base (Blocked by extensions list)
01|09/14/11 20:10:19|Skipping d:\workspace\aimir-doc\help & manual\hems\ko\html\.svn\prop-base\gasconsumptionmini_period_monthly.zoom78.png.svn-base (Blocked by extensions list)
01|09/14/11 20:10:19|Skipping d:\workspace\aimir-doc\help & manual\hems\ko\html\.svn\prop-base\gasconsumptionmini_summary.png.svn-base (Blocked by extensions list)
01|09/14/11 20:10:19|Skipping d:\workspace\aimir-doc\help & manual\hems\ko\html\.svn\prop-base\gasconsumptionmini_summary.zoom84.png.svn-base (Blocked by extensions list)
01|09/14/11 20:10:19|Skipping d:\workspace\aimir-doc\help & manual\hems\ko\html\.svn\prop-base\gassavingsgoalmax.png.svn-base (Blocked by extensions list)
01|09/14/11 20:10:19|Skipping d:\workspace\aimir-doc\help & manual\hems\ko\html\.svn\prop-base\gassavingsgoalmax.zoom76.png.svn-base (Blocked by extensions list)
01|09/14/11 20:10:19|Skipping d:\workspace\aimir-doc\help & manual\hems\ko\html\.svn\prop-base\gassavingsgoalmini.png.svn-base (Blocked by extensions list)
01|09/14/11 20:10:19|Skipping d:\workspace\aimir-doc\help & manual\hems\ko\html\.svn\prop-base\gassavingsgoalmini.zoom84.png.svn-base (Blocked by extensions list)
01|09/14/11 20:10:19|Skipping d:\workspace\aimir-doc\help & manual\hems\ko\html\.svn\prop-base\header_bg.jpg.svn-base (Blocked by extensions list)
01|09/14/11 20:10:19|Skipping d:\workspace\aimir-doc\help & manual\hems\ko\html\.svn\prop-base\hems_ko.zcfg.svn-base (Blocked by extensions list)
01|09/14/11 20:10:19|Skipping d:\workspace\aimir-doc\help & manual\hems\ko\html\.svn\prop-base\HEMS_ko.zlang.svn-base (Blocked by extensions list)
01|09/14/11 20:10:19|Skipping d:\workspace\aimir-doc\help & manual\hems\ko\html\.svn\prop-base\hems_layout.png.svn-base (Blocked by extensions list)
01|09/14/11 20:10:19|Skipping d:\workspace\aimir-doc\help & manual\hems\ko\html\.svn\prop-base\hems_layout.zoom76.png.svn-base (Blocked by extensions list)
01|09/14/11 20:10:19|Skipping d:\workspace\aimir-doc\help & manual\hems\ko\html\.svn\prop-base\homedevicedragdrop.png.svn-base (Blocked by extensions list)
01|09/14/11 20:10:19|Skipping d:\workspace\aimir-doc\help & manual\hems\ko\html\.svn\prop-base\homedevicedragdrop.zoom88.png.svn-base (Blocked by extensions list)
01|09/14/11 20:10:19|Skipping d:\workspace\aimir-doc\help & manual\hems\ko\html\.svn\prop-base\homedevicedragdrop.zoom91.png.svn-base (Blocked by extensions list)
01|09/14/11 20:10:19|Skipping d:\workspace\aimir-doc\help & manual\hems\ko\html\.svn\prop-base\homedevicemgmtmax.png.svn-base (Blocked by extensions list)
01|09/14/11 20:10:19|Skipping d:\workspace\aimir-doc\help & manual\hems\ko\html\.svn\prop-base\homedevicemgmtmax.zoom76.png.svn-base (Blocked by extensions list)
01|09/14/11 20:10:19|Skipping d:\workspace\aimir-doc\help & manual\hems\ko\html\.svn\prop-base\homedevicemgmtmax_update.png.svn-base (Blocked by extensions list)
01|09/14/11 20:10:19|Skipping d:\workspace\aimir-doc\help & manual\hems\ko\html\.svn\prop-base\homedevicemgmtmax_update.zoom76.png.svn-base (Blocked by extensions list)
01|09/14/11 20:10:19|Skipping d:\workspace\aimir-doc\help & manual\hems\ko\html\.svn\prop-base\homedevicemgmtmini_1.png.svn-base (Blocked by extensions list)
01|09/14/11 20:10:19|Skipping d:\workspace\aimir-doc\help & manual\hems\ko\html\.svn\prop-base\homedevicemgmtmini_1.zoom83.png.svn-base (Blocked by extensions list)
01|09/14/11 20:10:19|Skipping d:\workspace\aimir-doc\help & manual\hems\ko\html\.svn\prop-base\homedevicemgmtmini_2.png.svn-base (Blocked by extensions list)
01|09/14/11 20:10:19|Skipping d:\workspace\aimir-doc\help & manual\hems\ko\html\.svn\prop-base\homedevicemgmtmini_2.zoom84.png.svn-base (Blocked by extensions list)
01|09/14/11 20:10:19|Skipping d:\workspace\aimir-doc\help & manual\hems\ko\html\.svn\prop-base\homedevicemgmtmini_3.png.svn-base (Blocked by extensions list)
01|09/14/11 20:10:19|Skipping d:\workspace\aimir-doc\help & manual\hems\ko\html\.svn\prop-base\homedevicemgmtmini_3.zoom92.png.svn-base (Blocked by extensions list)
01|09/14/11 20:10:19|Skipping d:\workspace\aimir-doc\help & manual\hems\ko\html\.svn\prop-base\homedevicemgmtmini_3.zoom95.png.svn-base (Blocked by extensions list)
01|09/14/11 20:10:19|Skipping d:\workspace\aimir-doc\help & manual\hems\ko\html\.svn\prop-base\homedevicemgmtmini_3_appliance.png.svn-base (Blocked by extensions list)
01|09/14/11 20:10:19|Skipping d:\workspace\aimir-doc\help & manual\hems\ko\html\.svn\prop-base\homedevicemgmtmini_3_appliance.zoom93.png.svn-base (Blocked by extensions list)
01|09/14/11 20:10:19|Skipping d:\workspace\aimir-doc\help & manual\hems\ko\html\.svn\prop-base\icon_arrow.gif.svn-base (Blocked by extensions list)
01|09/14/11 20:10:19|Skipping d:\workspace\aimir-doc\help & manual\hems\ko\html\.svn\prop-base\icon_direction.gif.svn-base (Blocked by extensions list)
01|09/14/11 20:10:19|Skipping d:\workspace\aimir-doc\help & manual\hems\ko\html\.svn\prop-base\icon_expanding.png.svn-base (Blocked by extensions list)
01|09/14/11 20:10:19|Skipping d:\workspace\aimir-doc\help & manual\hems\ko\html\.svn\prop-base\icon_hide.png.svn-base (Blocked by extensions list)
01|09/14/11 20:10:19|Skipping d:\workspace\aimir-doc\help & manual\hems\ko\html\.svn\prop-base\icon_home.png.svn-base (Blocked by extensions list)
01|09/14/11 20:10:19|Skipping d:\workspace\aimir-doc\help & manual\hems\ko\html\.svn\prop-base\icon_mappingcancel.png.svn-base (Blocked by extensions list)
01|09/14/11 20:10:19|Skipping d:\workspace\aimir-doc\help & manual\hems\ko\html\.svn\prop-base\icon_mapping_ng.png.svn-base (Blocked by extensions list)
01|09/14/11 20:10:19|Skipping d:\workspace\aimir-doc\help & manual\hems\ko\html\.svn\prop-base\icon_mapping_ok.png.svn-base (Blocked by extensions list)
01|09/14/11 20:10:19|Skipping d:\workspace\aimir-doc\help & manual\hems\ko\html\.svn\prop-base\icon_nextyear.png.svn-base (Blocked by extensions list)
01|09/14/11 20:10:19|Skipping d:\workspace\aimir-doc\help & manual\hems\ko\html\.svn\prop-base\icon_previousyear.png.svn-base (Blocked by extensions list)
01|09/14/11 20:10:19|Skipping d:\workspace\aimir-doc\help & manual\hems\ko\html\.svn\prop-base\myreport.png.svn-base (Blocked by extensions list)
01|09/14/11 20:10:19|Skipping d:\workspace\aimir-doc\help & manual\hems\ko\html\.svn\prop-base\myreport.zoom77.png.svn-base (Blocked by extensions list)
01|09/14/11 20:10:19|Skipping d:\workspace\aimir-doc\help & manual\hems\ko\html\.svn\prop-base\myreport_calendar.png.svn-base (Blocked by extensions list)
01|09/14/11 20:10:19|Skipping d:\workspace\aimir-doc\help & manual\hems\ko\html\.svn\prop-base\myreport_calendar_allowleft.png.svn-base (Blocked by extensions list)
01|09/14/11 20:10:19|Skipping d:\workspace\aimir-doc\help & manual\hems\ko\html\.svn\prop-base\myreport_calendar_allowright.png.svn-base (Blocked by extensions list)
01|09/14/11 20:10:19|Skipping d:\workspace\aimir-doc\help & manual\hems\ko\html\.svn\prop-base\myreport_calendar_monthpicker.png.svn-base (Blocked by extensions list)
01|09/14/11 20:10:19|Skipping d:\workspace\aimir-doc\help & manual\hems\ko\html\.svn\prop-base\myreport_calendar_today.png.svn-base (Blocked by extensions list)
01|09/14/11 20:10:19|Skipping d:\workspace\aimir-doc\help & manual\hems\ko\html\.svn\prop-base\myreport_elec.png.svn-base (Blocked by extensions list)
01|09/14/11 20:10:19|Skipping d:\workspace\aimir-doc\help & manual\hems\ko\html\.svn\prop-base\myreport_elec.zoom93.png.svn-base (Blocked by extensions list)
01|09/14/11 20:10:19|Skipping d:\workspace\aimir-doc\help & manual\hems\ko\html\.svn\prop-base\myreport_gas.png.svn-base (Blocked by extensions list)
01|09/14/11 20:10:19|Skipping d:\workspace\aimir-doc\help & manual\hems\ko\html\.svn\prop-base\myreport_gas.zoom93.png.svn-base (Blocked by extensions list)
01|09/14/11 20:10:19|Skipping d:\workspace\aimir-doc\help & manual\hems\ko\html\.svn\prop-base\myreport_selectdate.zoom78.png.svn-base (Blocked by extensions list)
01|09/14/11 20:10:19|Skipping d:\workspace\aimir-doc\help & manual\hems\ko\html\.svn\prop-base\myreport_water.png.svn-base (Blocked by extensions list)
01|09/14/11 20:10:19|Skipping d:\workspace\aimir-doc\help & manual\hems\ko\html\.svn\prop-base\myreport_water.zoom93.png.svn-base (Blocked by extensions list)
01|09/14/11 20:10:19|Skipping d:\workspace\aimir-doc\help & manual\hems\ko\html\.svn\prop-base\nav_bg.gif.svn-base (Blocked by extensions list)
01|09/14/11 20:10:19|Skipping d:\workspace\aimir-doc\help & manual\hems\ko\html\.svn\prop-base\theme-blue.png.svn-base (Blocked by extensions list)
01|09/14/11 20:10:19|Skipping d:\workspace\aimir-doc\help & manual\hems\ko\html\.svn\prop-base\theme-green.png.svn-base (Blocked by extensions list)
01|09/14/11 20:10:19|Skipping d:\workspace\aimir-doc\help & manual\hems\ko\html\.svn\prop-base\theme-orange.png.svn-base (Blocked by extensions list)
01|09/14/11 20:10:19|Skipping d:\workspace\aimir-doc\help & manual\hems\ko\html\.svn\prop-base\theme_select.png.svn-base (Blocked by extensions list)
01|09/14/11 20:10:19|Skipping d:\workspace\aimir-doc\help & manual\hems\ko\html\.svn\prop-base\waterconsumptionmax.png.svn-base (Blocked by extensions list)
01|09/14/11 20:10:19|Skipping d:\workspace\aimir-doc\help & manual\hems\ko\html\.svn\prop-base\waterconsumptionmax.zoom76.png.svn-base (Blocked by extensions list)
01|09/14/11 20:10:19|Skipping d:\workspace\aimir-doc\help & manual\hems\ko\html\.svn\prop-base\waterconsumptionmax_2.png.svn-base (Blocked by extensions list)
01|09/14/11 20:10:19|Skipping d:\workspace\aimir-doc\help & manual\hems\ko\html\.svn\prop-base\waterconsumptionmax_2.zoom76.png.svn-base (Blocked by extensions list)
01|09/14/11 20:10:19|Skipping d:\workspace\aimir-doc\help & manual\hems\ko\html\.svn\prop-base\waterconsumptionmini_period.png.svn-base (Blocked by extensions list)
01|09/14/11 20:10:19|Skipping d:\workspace\aimir-doc\help & manual\hems\ko\html\.svn\prop-base\waterconsumptionmini_period.zoom77.png.svn-base (Blocked by extensions list)
01|09/14/11 20:10:19|Skipping d:\workspace\aimir-doc\help & manual\hems\ko\html\.svn\prop-base\waterconsumptionmini_period.zoom78.png.svn-base (Blocked by extensions list)
01|09/14/11 20:10:19|Skipping d:\workspace\aimir-doc\help & manual\hems\ko\html\.svn\prop-base\waterconsumptionmini_period_daily.png.svn-base (Blocked by extensions list)
01|09/14/11 20:10:19|Skipping d:\workspace\aimir-doc\help & manual\hems\ko\html\.svn\prop-base\waterconsumptionmini_period_daily.zoom77.png.svn-base (Blocked by extensions list)
01|09/14/11 20:10:19|Skipping d:\workspace\aimir-doc\help & manual\hems\ko\html\.svn\prop-base\waterconsumptionmini_period_monthly.png.svn-base (Blocked by extensions list)
01|09/14/11 20:10:19|Skipping d:\workspace\aimir-doc\help & manual\hems\ko\html\.svn\prop-base\waterconsumptionmini_period_monthly.zoom77.png.svn-base (Blocked by extensions list)
01|09/14/11 20:10:19|Skipping d:\workspace\aimir-doc\help & manual\hems\ko\html\.svn\prop-base\waterconsumptionmini_summary.png.svn-base (Blocked by extensions list)
01|09/14/11 20:10:19|Skipping d:\workspace\aimir-doc\help & manual\hems\ko\html\.svn\prop-base\waterconsumptionmini_summary.zoom83.png.svn-base (Blocked by extensions list)
01|09/14/11 20:10:19|Skipping d:\workspace\aimir-doc\help & manual\hems\ko\html\.svn\prop-base\watersavingsgoalmax.png.svn-base (Blocked by extensions list)
01|09/14/11 20:10:19|Skipping d:\workspace\aimir-doc\help & manual\hems\ko\html\.svn\prop-base\watersavingsgoalmax.zoom76.png.svn-base (Blocked by extensions list)
01|09/14/11 20:10:19|Skipping d:\workspace\aimir-doc\help & manual\hems\ko\html\.svn\prop-base\watersavingsgoalmini.png.svn-base (Blocked by extensions list)
01|09/14/11 20:10:19|Skipping d:\workspace\aimir-doc\help & manual\hems\ko\html\.svn\prop-base\watersavingsgoalmini.zoom84.png.svn-base (Blocked by extensions list)
01|09/14/11 20:10:19|Skipping d:\workspace\aimir-doc\help & manual\hems\ko\html\.svn\text-base\bg_top.gif.svn-base (Blocked by extensions list)
01|09/14/11 20:10:19|Skipping d:\workspace\aimir-doc\help & manual\hems\ko\html\.svn\text-base\bg_top2.gif.svn-base (Blocked by extensions list)
01|09/14/11 20:10:19|Skipping d:\workspace\aimir-doc\help & manual\hems\ko\html\.svn\text-base\btn_back_h_1.jpg.svn-base (Blocked by extensions list)
01|09/14/11 20:10:19|Skipping d:\workspace\aimir-doc\help & manual\hems\ko\html\.svn\text-base\btn_back_n_1.jpg.svn-base (Blocked by extensions list)
01|09/14/11 20:10:19|Skipping d:\workspace\aimir-doc\help & manual\hems\ko\html\.svn\text-base\btn_cancel.png.svn-base (Blocked by extensions list)
01|09/14/11 20:10:19|Skipping d:\workspace\aimir-doc\help & manual\hems\ko\html\.svn\text-base\btn_homedeviceInsert.png.svn-base (Blocked by extensions list)
01|09/14/11 20:10:19|Skipping d:\workspace\aimir-doc\help & manual\hems\ko\html\.svn\text-base\btn_next_h.gif.svn-base (Blocked by extensions list)
01|09/14/11 20:10:19|Skipping d:\workspace\aimir-doc\help & manual\hems\ko\html\.svn\text-base\btn_next_h_1.jpg.svn-base (Blocked by extensions list)
01|09/14/11 20:10:19|Skipping d:\workspace\aimir-doc\help & manual\hems\ko\html\.svn\text-base\btn_next_n.gif.svn-base (Blocked by extensions list)
01|09/14/11 20:10:19|Skipping d:\workspace\aimir-doc\help & manual\hems\ko\html\.svn\text-base\btn_next_n_1.jpg.svn-base (Blocked by extensions list)
01|09/14/11 20:10:19|Skipping d:\workspace\aimir-doc\help & manual\hems\ko\html\.svn\text-base\btn_next_n_1.png.svn-base (Blocked by extensions list)
01|09/14/11 20:10:19|Skipping d:\workspace\aimir-doc\help & manual\hems\ko\html\.svn\text-base\btn_next_n_2.png.svn-base (Blocked by extensions list)
01|09/14/11 20:10:19|Skipping d:\workspace\aimir-doc\help & manual\hems\ko\html\.svn\text-base\btn_ok.png.svn-base (Blocked by extensions list)
01|09/14/11 20:10:19|Skipping d:\workspace\aimir-doc\help & manual\hems\ko\html\.svn\text-base\btn_prev_h.gif.svn-base (Blocked by extensions list)
01|09/14/11 20:10:19|Skipping d:\workspace\aimir-doc\help & manual\hems\ko\html\.svn\text-base\btn_prev_h_1.png.svn-base (Blocked by extensions list)
01|09/14/11 20:10:19|Skipping d:\workspace\aimir-doc\help & manual\hems\ko\html\.svn\text-base\btn_prev_n.gif.svn-base (Blocked by extensions list)
01|09/14/11 20:10:19|Skipping d:\workspace\aimir-doc\help & manual\hems\ko\html\.svn\text-base\btn_prev_n_1.png.svn-base (Blocked by extensions list)
01|09/14/11 20:10:19|Skipping d:\workspace\aimir-doc\help & manual\hems\ko\html\.svn\text-base\btn_prev_n_2.png.svn-base (Blocked by extensions list)
01|09/14/11 20:10:19|Skipping d:\workspace\aimir-doc\help & manual\hems\ko\html\.svn\text-base\cicon1.gif.svn-base (Blocked by extensions list)
01|09/14/11 20:10:19|Skipping d:\workspace\aimir-doc\help & manual\hems\ko\html\.svn\text-base\cicon2.gif.svn-base (Blocked by extensions list)
01|09/14/11 20:10:19|Skipping d:\workspace\aimir-doc\help & manual\hems\ko\html\.svn\text-base\cicon9.gif.svn-base (Blocked by extensions list)
01|09/14/11 20:10:19|Skipping d:\workspace\aimir-doc\help & manual\hems\ko\html\.svn\text-base\cicon_loadindex_ani.gif.svn-base (Blocked by extensions list)
01|09/14/11 20:10:19|Skipping d:\workspace\aimir-doc\help & manual\hems\ko\html\.svn\text-base\default.css.svn-base (Blocked by extensions list)
01|09/14/11 20:10:19|Skipping d:\workspace\aimir-doc\help & manual\hems\ko\html\.svn\text-base\electconsumptionmax_device.png.svn-base (Blocked by extensions list)
01|09/14/11 20:10:19|Skipping d:\workspace\aimir-doc\help & manual\hems\ko\html\.svn\text-base\electconsumptionmax_device.zoom77.png.svn-base (Blocked by extensions list)
01|09/14/11 20:10:19|Skipping d:\workspace\aimir-doc\help & manual\hems\ko\html\.svn\text-base\electconsumptionmax_device.zoom78.png.svn-base (Blocked by extensions list)
01|09/14/11 20:10:19|Skipping d:\workspace\aimir-doc\help & manual\hems\ko\html\.svn\text-base\electconsumptionmax_period.png.svn-base (Blocked by extensions list)
01|09/14/11 20:10:19|Skipping d:\workspace\aimir-doc\help & manual\hems\ko\html\.svn\text-base\electconsumptionmax_period.zoom77.png.svn-base (Blocked by extensions list)
01|09/14/11 20:10:19|Skipping d:\workspace\aimir-doc\help & manual\hems\ko\html\.svn\text-base\electconsumptionmax_period.zoom78.png.svn-base (Blocked by extensions list)
01|09/14/11 20:10:19|Skipping d:\workspace\aimir-doc\help & manual\hems\ko\html\.svn\text-base\electconsumptionmax_summary.png.svn-base (Blocked by extensions list)
01|09/14/11 20:10:19|Skipping d:\workspace\aimir-doc\help & manual\hems\ko\html\.svn\text-base\electconsumptionmax_summary.zoom77.png.svn-base (Blocked by extensions list)
01|09/14/11 20:10:19|Skipping d:\workspace\aimir-doc\help & manual\hems\ko\html\.svn\text-base\electconsumptionmax_summary.zoom78.png.svn-base (Blocked by extensions list)
01|09/14/11 20:10:19|Skipping d:\workspace\aimir-doc\help & manual\hems\ko\html\.svn\text-base\electconsumptionmini_device.png.svn-base (Blocked by extensions list)
01|09/14/11 20:10:19|Skipping d:\workspace\aimir-doc\help & manual\hems\ko\html\.svn\text-base\electconsumptionmini_device.zoom78.png.svn-base (Blocked by extensions list)
01|09/14/11 20:10:19|Skipping d:\workspace\aimir-doc\help & manual\hems\ko\html\.svn\text-base\electconsumptionmini_device_daily.png.svn-base (Blocked by extensions list)
01|09/14/11 20:10:19|Skipping d:\workspace\aimir-doc\help & manual\hems\ko\html\.svn\text-base\electconsumptionmini_device_daily.zoom78.png.svn-base (Blocked by extensions list)
01|09/14/11 20:10:19|Skipping d:\workspace\aimir-doc\help & manual\hems\ko\html\.svn\text-base\electconsumptionmini_device_linkedchart.zoom87.png.svn-base (Blocked by extensions list)
01|09/14/11 20:10:19|Skipping d:\workspace\aimir-doc\help & manual\hems\ko\html\.svn\text-base\electconsumptionmini_device_monthly.png.svn-base (Blocked by extensions list)
01|09/14/11 20:10:19|Skipping d:\workspace\aimir-doc\help & manual\hems\ko\html\.svn\text-base\electconsumptionmini_device_monthly.zoom78.png.svn-base (Blocked by extensions list)
01|09/14/11 20:10:19|Skipping d:\workspace\aimir-doc\help & manual\hems\ko\html\.svn\text-base\electconsumptionmini_period.png.svn-base (Blocked by extensions list)
01|09/14/11 20:10:19|Skipping d:\workspace\aimir-doc\help & manual\hems\ko\html\.svn\text-base\electconsumptionmini_period.zoom78.png.svn-base (Blocked by extensions list)
01|09/14/11 20:10:19|Skipping d:\workspace\aimir-doc\help & manual\hems\ko\html\.svn\text-base\electconsumptionmini_period_daily.png.svn-base (Blocked by extensions list)
01|09/14/11 20:10:19|Skipping d:\workspace\aimir-doc\help & manual\hems\ko\html\.svn\text-base\electconsumptionmini_period_daily.zoom78.png.svn-base (Blocked by extensions list)
01|09/14/11 20:10:19|Skipping d:\workspace\aimir-doc\help & manual\hems\ko\html\.svn\text-base\electconsumptionmini_period_monthly.png.svn-base (Blocked by extensions list)
01|09/14/11 20:10:19|Skipping d:\workspace\aimir-doc\help & manual\hems\ko\html\.svn\text-base\electconsumptionmini_period_monthly.zoom78.png.svn-base (Blocked by extensions list)
01|09/14/11 20:10:19|Skipping d:\workspace\aimir-doc\help & manual\hems\ko\html\.svn\text-base\electconsumptionmini_summary.png.svn-base (Blocked by extensions list)
01|09/14/11 20:10:19|Skipping d:\workspace\aimir-doc\help & manual\hems\ko\html\.svn\text-base\electconsumptionmini_summary.zoom81.png.svn-base (Blocked by extensions list)
01|09/14/11 20:10:19|Skipping d:\workspace\aimir-doc\help & manual\hems\ko\html\.svn\text-base\electsavingsgoalmax.png.svn-base (Blocked by extensions list)
01|09/14/11 20:10:19|Skipping d:\workspace\aimir-doc\help & manual\hems\ko\html\.svn\text-base\electsavingsgoalmax.zoom76.png.svn-base (Blocked by extensions list)
01|09/14/11 20:10:19|Skipping d:\workspace\aimir-doc\help & manual\hems\ko\html\.svn\text-base\electsavingsgoalmini.png.svn-base (Blocked by extensions list)
01|09/14/11 20:10:19|Skipping d:\workspace\aimir-doc\help & manual\hems\ko\html\.svn\text-base\electsavingsgoalmini.zoom84.png.svn-base (Blocked by extensions list)
01|09/14/11 20:10:19|Skipping d:\workspace\aimir-doc\help & manual\hems\ko\html\.svn\text-base\embim1.png.svn-base (Blocked by extensions list)
01|09/14/11 20:10:19|Skipping d:\workspace\aimir-doc\help & manual\hems\ko\html\.svn\text-base\embim10.png.svn-base (Blocked by extensions list)
01|09/14/11 20:10:19|Skipping d:\workspace\aimir-doc\help & manual\hems\ko\html\.svn\text-base\embim11.png.svn-base (Blocked by extensions list)
01|09/14/11 20:10:19|Skipping d:\workspace\aimir-doc\help & manual\hems\ko\html\.svn\text-base\embim12.png.svn-base (Blocked by extensions list)
01|09/14/11 20:10:19|Skipping d:\workspace\aimir-doc\help & manual\hems\ko\html\.svn\text-base\embim13.png.svn-base (Blocked by extensions list)
01|09/14/11 20:10:19|Skipping d:\workspace\aimir-doc\help & manual\hems\ko\html\.svn\text-base\embim14.png.svn-base (Blocked by extensions list)
01|09/14/11 20:10:19|Skipping d:\workspace\aimir-doc\help & manual\hems\ko\html\.svn\text-base\embim15.png.svn-base (Blocked by extensions list)
01|09/14/11 20:10:19|Skipping d:\workspace\aimir-doc\help & manual\hems\ko\html\.svn\text-base\embim16.png.svn-base (Blocked by extensions list)
01|09/14/11 20:10:19|Skipping d:\workspace\aimir-doc\help & manual\hems\ko\html\.svn\text-base\embim17.png.svn-base (Blocked by extensions list)
01|09/14/11 20:10:19|Skipping d:\workspace\aimir-doc\help & manual\hems\ko\html\.svn\text-base\embim2.png.svn-base (Blocked by extensions list)
01|09/14/11 20:10:19|Skipping d:\workspace\aimir-doc\help & manual\hems\ko\html\.svn\text-base\embim3.png.svn-base (Blocked by extensions list)
01|09/14/11 20:10:19|Skipping d:\workspace\aimir-doc\help & manual\hems\ko\html\.svn\text-base\embim4.png.svn-base (Blocked by extensions list)
01|09/14/11 20:10:19|Skipping d:\workspace\aimir-doc\help & manual\hems\ko\html\.svn\text-base\embim5.png.svn-base (Blocked by extensions list)
01|09/14/11 20:10:19|Skipping d:\workspace\aimir-doc\help & manual\hems\ko\html\.svn\text-base\embim6.png.svn-base (Blocked by extensions list)
01|09/14/11 20:10:19|Skipping d:\workspace\aimir-doc\help & manual\hems\ko\html\.svn\text-base\embim7.png.svn-base (Blocked by extensions list)
01|09/14/11 20:10:19|Skipping d:\workspace\aimir-doc\help & manual\hems\ko\html\.svn\text-base\embim8.png.svn-base (Blocked by extensions list)
01|09/14/11 20:10:19|Skipping d:\workspace\aimir-doc\help & manual\hems\ko\html\.svn\text-base\embim9.png.svn-base (Blocked by extensions list)
01|09/14/11 20:10:19|Skipping d:\workspace\aimir-doc\help & manual\hems\ko\html\.svn\text-base\energySavingsGoalgridSort.png.svn-base (Blocked by extensions list)
01|09/14/11 20:10:19|Skipping d:\workspace\aimir-doc\help & manual\hems\ko\html\.svn\text-base\energysavingsgoalgridsort.zoom76.png.svn-base (Blocked by extensions list)
01|09/14/11 20:10:19|Skipping d:\workspace\aimir-doc\help & manual\hems\ko\html\.svn\text-base\energysavingsgoalgridsort.zoom77.png.svn-base (Blocked by extensions list)
01|09/14/11 20:10:19|Skipping d:\workspace\aimir-doc\help & manual\hems\ko\html\.svn\text-base\gadgetcomponent.png.svn-base (Blocked by extensions list)
01|09/14/11 20:10:19|Skipping d:\workspace\aimir-doc\help & manual\hems\ko\html\.svn\text-base\gadget_descr_hems_info006.htm.svn-base (Blocked by extensions list)
01|09/14/11 20:10:19|Skipping d:\workspace\aimir-doc\help & manual\hems\ko\html\.svn\text-base\gadget_hems_demandresponsemgmt.htm.svn-base (Blocked by extensions list)
01|09/14/11 20:10:19|Skipping d:\workspace\aimir-doc\help & manual\hems\ko\html\.svn\text-base\gadget_hems_electconsumption.htm.svn-base (Blocked by extensions list)
01|09/14/11 20:10:19|Skipping d:\workspace\aimir-doc\help & manual\hems\ko\html\.svn\text-base\gadget_hems_electprepaymentcustomer.htm.svn-base (Blocked by extensions list)
01|09/14/11 20:10:19|Skipping d:\workspace\aimir-doc\help & manual\hems\ko\html\.svn\text-base\gadget_hems_electsavingsgoal.htm.svn-base (Blocked by extensions list)
01|09/14/11 20:10:19|Skipping d:\workspace\aimir-doc\help & manual\hems\ko\html\.svn\text-base\gadget_hems_gasconsumption.htm.svn-base (Blocked by extensions list)
01|09/14/11 20:10:19|Skipping d:\workspace\aimir-doc\help & manual\hems\ko\html\.svn\text-base\gadget_hems_gasprepaymentcustomer.htm.svn-base (Blocked by extensions list)
01|09/14/11 20:10:19|Skipping d:\workspace\aimir-doc\help & manual\hems\ko\html\.svn\text-base\gadget_hems_gassavingsgoal.htm.svn-base (Blocked by extensions list)
01|09/14/11 20:10:19|Skipping d:\workspace\aimir-doc\help & manual\hems\ko\html\.svn\text-base\gadget_hems_homedevicemgmt.htm.svn-base (Blocked by extensions list)
01|09/14/11 20:10:19|Skipping d:\workspace\aimir-doc\help & manual\hems\ko\html\.svn\text-base\gadget_hems_myreport.htm.svn-base (Blocked by extensions list)
01|09/14/11 20:10:19|Skipping d:\workspace\aimir-doc\help & manual\hems\ko\html\.svn\text-base\gadget_hems_waterconsumption.htm.svn-base (Blocked by extensions list)
01|09/14/11 20:10:19|Skipping d:\workspace\aimir-doc\help & manual\hems\ko\html\.svn\text-base\gadget_hems_waterprepaymentcustomer.htm.svn-base (Blocked by extensions list)
01|09/14/11 20:10:19|Skipping d:\workspace\aimir-doc\help & manual\hems\ko\html\.svn\text-base\gadget_hems_watersavingsgoal.htm.svn-base (Blocked by extensions list)
01|09/14/11 20:10:19|Skipping d:\workspace\aimir-doc\help & manual\hems\ko\html\.svn\text-base\gasconsumptionmax.png.svn-base (Blocked by extensions list)
01|09/14/11 20:10:19|Skipping d:\workspace\aimir-doc\help & manual\hems\ko\html\.svn\text-base\gasconsumptionmax.zoom77.png.svn-base (Blocked by extensions list)
01|09/14/11 20:10:19|Skipping d:\workspace\aimir-doc\help & manual\hems\ko\html\.svn\text-base\gasconsumptionmax_2.png.svn-base (Blocked by extensions list)
01|09/14/11 20:10:19|Skipping d:\workspace\aimir-doc\help & manual\hems\ko\html\.svn\text-base\gasconsumptionmax_2.zoom77.png.svn-base (Blocked by extensions list)
01|09/14/11 20:10:19|Skipping d:\workspace\aimir-doc\help & manual\hems\ko\html\.svn\text-base\gasconsumptionmini_period.png.svn-base (Blocked by extensions list)
01|09/14/11 20:10:19|Skipping d:\workspace\aimir-doc\help & manual\hems\ko\html\.svn\text-base\gasconsumptionmini_period.zoom75.png.svn-base (Blocked by extensions list)
01|09/14/11 20:10:19|Skipping d:\workspace\aimir-doc\help & manual\hems\ko\html\.svn\text-base\gasconsumptionmini_period.zoom76.png.svn-base (Blocked by extensions list)
01|09/14/11 20:10:19|Skipping d:\workspace\aimir-doc\help & manual\hems\ko\html\.svn\text-base\gasconsumptionmini_period.zoom77.png.svn-base (Blocked by extensions list)
01|09/14/11 20:10:19|Skipping d:\workspace\aimir-doc\help & manual\hems\ko\html\.svn\text-base\gasconsumptionmini_period.zoom78.png.svn-base (Blocked by extensions list)
01|09/14/11 20:10:19|Skipping d:\workspace\aimir-doc\help & manual\hems\ko\html\.svn\text-base\gasconsumptionmini_period_daily.png.svn-base (Blocked by extensions list)
01|09/14/11 20:10:19|Skipping d:\workspace\aimir-doc\help & manual\hems\ko\html\.svn\text-base\gasconsumptionmini_period_daily.zoom73.png.svn-base (Blocked by extensions list)
01|09/14/11 20:10:19|Skipping d:\workspace\aimir-doc\help & manual\hems\ko\html\.svn\text-base\gasconsumptionmini_period_daily.zoom75.png.svn-base (Blocked by extensions list)
01|09/14/11 20:10:19|Skipping d:\workspace\aimir-doc\help & manual\hems\ko\html\.svn\text-base\gasconsumptionmini_period_daily.zoom77.png.svn-base (Blocked by extensions list)
01|09/14/11 20:10:19|Skipping d:\workspace\aimir-doc\help & manual\hems\ko\html\.svn\text-base\gasconsumptionmini_period_daily.zoom78.png.svn-base (Blocked by extensions list)
01|09/14/11 20:10:19|Skipping d:\workspace\aimir-doc\help & manual\hems\ko\html\.svn\text-base\gasconsumptionmini_period_monthly.png.svn-base (Blocked by extensions list)
01|09/14/11 20:10:19|Skipping d:\workspace\aimir-doc\help & manual\hems\ko\html\.svn\text-base\gasconsumptionmini_period_monthly.zoom74.png.svn-base (Blocked by extensions list)
01|09/14/11 20:10:19|Skipping d:\workspace\aimir-doc\help & manual\hems\ko\html\.svn\text-base\gasconsumptionmini_period_monthly.zoom77.png.svn-base (Blocked by extensions list)
01|09/14/11 20:10:19|Skipping d:\workspace\aimir-doc\help & manual\hems\ko\html\.svn\text-base\gasconsumptionmini_period_monthly.zoom78.png.svn-base (Blocked by extensions list)
01|09/14/11 20:10:19|Skipping d:\workspace\aimir-doc\help & manual\hems\ko\html\.svn\text-base\gasconsumptionmini_summary.png.svn-base (Blocked by extensions list)
01|09/14/11 20:10:19|Skipping d:\workspace\aimir-doc\help & manual\hems\ko\html\.svn\text-base\gasconsumptionmini_summary.zoom84.png.svn-base (Blocked by extensions list)
01|09/14/11 20:10:19|Skipping d:\workspace\aimir-doc\help & manual\hems\ko\html\.svn\text-base\gassavingsgoalmax.png.svn-base (Blocked by extensions list)
01|09/14/11 20:10:19|Skipping d:\workspace\aimir-doc\help & manual\hems\ko\html\.svn\text-base\gassavingsgoalmax.zoom76.png.svn-base (Blocked by extensions list)
01|09/14/11 20:10:19|Skipping d:\workspace\aimir-doc\help & manual\hems\ko\html\.svn\text-base\gassavingsgoalmini.png.svn-base (Blocked by extensions list)
01|09/14/11 20:10:19|Skipping d:\workspace\aimir-doc\help & manual\hems\ko\html\.svn\text-base\gassavingsgoalmini.zoom84.png.svn-base (Blocked by extensions list)
01|09/14/11 20:10:19|Skipping d:\workspace\aimir-doc\help & manual\hems\ko\html\.svn\text-base\header_bg.jpg.svn-base (Blocked by extensions list)
01|09/14/11 20:10:19|Skipping d:\workspace\aimir-doc\help & manual\hems\ko\html\.svn\text-base\helpman_topicinit.js.svn-base (Blocked by extensions list)
01|09/14/11 20:10:19|Skipping d:\workspace\aimir-doc\help & manual\hems\ko\html\.svn\text-base\hems_ko.zcfg.svn-base (Blocked by extensions list)
01|09/14/11 20:10:19|Skipping d:\workspace\aimir-doc\help & manual\hems\ko\html\.svn\text-base\HEMS_ko.zlang.svn-base (Blocked by extensions list)
01|09/14/11 20:10:19|Skipping d:\workspace\aimir-doc\help & manual\hems\ko\html\.svn\text-base\hems_ko_content_dyn.html.svn-base (Blocked by extensions list)
01|09/14/11 20:10:19|Skipping d:\workspace\aimir-doc\help & manual\hems\ko\html\.svn\text-base\hems_ko_content_static.html.svn-base (Blocked by extensions list)
01|09/14/11 20:10:19|Skipping d:\workspace\aimir-doc\help & manual\hems\ko\html\.svn\text-base\hems_ko_ftsearch.html.svn-base (Blocked by extensions list)
01|09/14/11 20:10:19|Skipping d:\workspace\aimir-doc\help & manual\hems\ko\html\.svn\text-base\hems_ko_kwindex_dyn.html.svn-base (Blocked by extensions list)
01|09/14/11 20:10:19|Skipping d:\workspace\aimir-doc\help & manual\hems\ko\html\.svn\text-base\hems_ko_kwindex_static.html.svn-base (Blocked by extensions list)
01|09/14/11 20:10:19|Skipping d:\workspace\aimir-doc\help & manual\hems\ko\html\.svn\text-base\hems_ko_navigation.js.svn-base (Blocked by extensions list)
01|09/14/11 20:10:19|Skipping d:\workspace\aimir-doc\help & manual\hems\ko\html\.svn\text-base\HEMS_ko_popup_html.js.svn-base (Blocked by extensions list)
01|09/14/11 20:10:19|Skipping d:\workspace\aimir-doc\help & manual\hems\ko\html\.svn\text-base\hems_layout.png.svn-base (Blocked by extensions list)
01|09/14/11 20:10:19|Skipping d:\workspace\aimir-doc\help & manual\hems\ko\html\.svn\text-base\hems_layout.zoom76.png.svn-base (Blocked by extensions list)
01|09/14/11 20:10:19|Skipping d:\workspace\aimir-doc\help & manual\hems\ko\html\.svn\text-base\hems_overview.htm.svn-base (Blocked by extensions list)
01|09/14/11 20:10:19|Skipping d:\workspace\aimir-doc\help & manual\hems\ko\html\.svn\text-base\hems___.htm.svn-base (Blocked by extensions list)
01|09/14/11 20:10:19|Skipping d:\workspace\aimir-doc\help & manual\hems\ko\html\.svn\text-base\highlight.js.svn-base (Blocked by extensions list)
01|09/14/11 20:10:19|Skipping d:\workspace\aimir-doc\help & manual\hems\ko\html\.svn\text-base\homedevicedragdrop.png.svn-base (Blocked by extensions list)
01|09/14/11 20:10:19|Skipping d:\workspace\aimir-doc\help & manual\hems\ko\html\.svn\text-base\homedevicedragdrop.zoom88.png.svn-base (Blocked by extensions list)
01|09/14/11 20:10:19|Skipping d:\workspace\aimir-doc\help & manual\hems\ko\html\.svn\text-base\homedevicedragdrop.zoom91.png.svn-base (Blocked by extensions list)
01|09/14/11 20:10:19|Skipping d:\workspace\aimir-doc\help & manual\hems\ko\html\.svn\text-base\homedevicemgmtmax.png.svn-base (Blocked by extensions list)
01|09/14/11 20:10:19|Skipping d:\workspace\aimir-doc\help & manual\hems\ko\html\.svn\text-base\homedevicemgmtmax.zoom76.png.svn-base (Blocked by extensions list)
01|09/14/11 20:10:19|Skipping d:\workspace\aimir-doc\help & manual\hems\ko\html\.svn\text-base\homedevicemgmtmax_update.png.svn-base (Blocked by extensions list)
01|09/14/11 20:10:19|Skipping d:\workspace\aimir-doc\help & manual\hems\ko\html\.svn\text-base\homedevicemgmtmax_update.zoom76.png.svn-base (Blocked by extensions list)
01|09/14/11 20:10:19|Skipping d:\workspace\aimir-doc\help & manual\hems\ko\html\.svn\text-base\homedevicemgmtmini_1.png.svn-base (Blocked by extensions list)
01|09/14/11 20:10:19|Skipping d:\workspace\aimir-doc\help & manual\hems\ko\html\.svn\text-base\homedevicemgmtmini_1.zoom83.png.svn-base (Blocked by extensions list)
01|09/14/11 20:10:19|Skipping d:\workspace\aimir-doc\help & manual\hems\ko\html\.svn\text-base\homedevicemgmtmini_2.png.svn-base (Blocked by extensions list)
01|09/14/11 20:10:19|Skipping d:\workspace\aimir-doc\help & manual\hems\ko\html\.svn\text-base\homedevicemgmtmini_2.zoom84.png.svn-base (Blocked by extensions list)
01|09/14/11 20:10:19|Skipping d:\workspace\aimir-doc\help & manual\hems\ko\html\.svn\text-base\homedevicemgmtmini_3.png.svn-base (Blocked by extensions list)
01|09/14/11 20:10:19|Skipping d:\workspace\aimir-doc\help & manual\hems\ko\html\.svn\text-base\homedevicemgmtmini_3.zoom92.png.svn-base (Blocked by extensions list)
01|09/14/11 20:10:19|Skipping d:\workspace\aimir-doc\help & manual\hems\ko\html\.svn\text-base\homedevicemgmtmini_3.zoom95.png.svn-base (Blocked by extensions list)
01|09/14/11 20:10:19|Skipping d:\workspace\aimir-doc\help & manual\hems\ko\html\.svn\text-base\homedevicemgmtmini_3_appliance.png.svn-base (Blocked by extensions list)
01|09/14/11 20:10:19|Skipping d:\workspace\aimir-doc\help & manual\hems\ko\html\.svn\text-base\homedevicemgmtmini_3_appliance.zoom93.png.svn-base (Blocked by extensions list)
01|09/14/11 20:10:19|Skipping d:\workspace\aimir-doc\help & manual\hems\ko\html\.svn\text-base\icon_arrow.gif.svn-base (Blocked by extensions list)
01|09/14/11 20:10:19|Skipping d:\workspace\aimir-doc\help & manual\hems\ko\html\.svn\text-base\icon_direction.gif.svn-base (Blocked by extensions list)
01|09/14/11 20:10:19|Skipping d:\workspace\aimir-doc\help & manual\hems\ko\html\.svn\text-base\icon_expanding.png.svn-base (Blocked by extensions list)
01|09/14/11 20:10:19|Skipping d:\workspace\aimir-doc\help & manual\hems\ko\html\.svn\text-base\icon_hide.png.svn-base (Blocked by extensions list)
01|09/14/11 20:10:19|Skipping d:\workspace\aimir-doc\help & manual\hems\ko\html\.svn\text-base\icon_home.png.svn-base (Blocked by extensions list)
01|09/14/11 20:10:19|Skipping d:\workspace\aimir-doc\help & manual\hems\ko\html\.svn\text-base\icon_mappingcancel.png.svn-base (Blocked by extensions list)
01|09/14/11 20:10:19|Skipping d:\workspace\aimir-doc\help & manual\hems\ko\html\.svn\text-base\icon_mapping_ng.png.svn-base (Blocked by extensions list)
01|09/14/11 20:10:19|Skipping d:\workspace\aimir-doc\help & manual\hems\ko\html\.svn\text-base\icon_mapping_ok.png.svn-base (Blocked by extensions list)
01|09/14/11 20:10:19|Skipping d:\workspace\aimir-doc\help & manual\hems\ko\html\.svn\text-base\icon_nextyear.png.svn-base (Blocked by extensions list)
01|09/14/11 20:10:19|Skipping d:\workspace\aimir-doc\help & manual\hems\ko\html\.svn\text-base\icon_previousyear.png.svn-base (Blocked by extensions list)
01|09/14/11 20:10:19|Skipping d:\workspace\aimir-doc\help & manual\hems\ko\html\.svn\text-base\index.html.svn-base (Blocked by extensions list)
01|09/14/11 20:10:19|Skipping d:\workspace\aimir-doc\help & manual\hems\ko\html\.svn\text-base\introduction.htm.svn-base (Blocked by extensions list)
01|09/14/11 20:10:19|Skipping d:\workspace\aimir-doc\help & manual\hems\ko\html\.svn\text-base\myreport.png.svn-base (Blocked by extensions list)
01|09/14/11 20:10:19|Skipping d:\workspace\aimir-doc\help & manual\hems\ko\html\.svn\text-base\myreport.zoom77.png.svn-base (Blocked by extensions list)
01|09/14/11 20:10:19|Skipping d:\workspace\aimir-doc\help & manual\hems\ko\html\.svn\text-base\myreport_calendar.png.svn-base (Blocked by extensions list)
01|09/14/11 20:10:19|Skipping d:\workspace\aimir-doc\help & manual\hems\ko\html\.svn\text-base\myreport_calendar_allowleft.png.svn-base (Blocked by extensions list)
01|09/14/11 20:10:19|Skipping d:\workspace\aimir-doc\help & manual\hems\ko\html\.svn\text-base\myreport_calendar_allowright.png.svn-base (Blocked by extensions list)
01|09/14/11 20:10:19|Skipping d:\workspace\aimir-doc\help & manual\hems\ko\html\.svn\text-base\myreport_calendar_monthpicker.png.svn-base (Blocked by extensions list)
01|09/14/11 20:10:19|Skipping d:\workspace\aimir-doc\help & manual\hems\ko\html\.svn\text-base\myreport_calendar_today.png.svn-base (Blocked by extensions list)
01|09/14/11 20:10:19|Skipping d:\workspace\aimir-doc\help & manual\hems\ko\html\.svn\text-base\myreport_elec.png.svn-base (Blocked by extensions list)
01|09/14/11 20:10:19|Skipping d:\workspace\aimir-doc\help & manual\hems\ko\html\.svn\text-base\myreport_elec.zoom93.png.svn-base (Blocked by extensions list)
01|09/14/11 20:10:19|Skipping d:\workspace\aimir-doc\help & manual\hems\ko\html\.svn\text-base\myreport_gas.png.svn-base (Blocked by extensions list)
01|09/14/11 20:10:19|Skipping d:\workspace\aimir-doc\help & manual\hems\ko\html\.svn\text-base\myreport_gas.zoom93.png.svn-base (Blocked by extensions list)
01|09/14/11 20:10:19|Skipping d:\workspace\aimir-doc\help & manual\hems\ko\html\.svn\text-base\myreport_selectdate.zoom78.png.svn-base (Blocked by extensions list)
01|09/14/11 20:10:19|Skipping d:\workspace\aimir-doc\help & manual\hems\ko\html\.svn\text-base\myreport_water.png.svn-base (Blocked by extensions list)
01|09/14/11 20:10:19|Skipping d:\workspace\aimir-doc\help & manual\hems\ko\html\.svn\text-base\myreport_water.zoom93.png.svn-base (Blocked by extensions list)
01|09/14/11 20:10:19|Skipping d:\workspace\aimir-doc\help & manual\hems\ko\html\.svn\text-base\nav_bg.gif.svn-base (Blocked by extensions list)
01|09/14/11 20:10:19|Skipping d:\workspace\aimir-doc\help & manual\hems\ko\html\.svn\text-base\new_topic.htm.svn-base (Blocked by extensions list)
01|09/14/11 20:10:19|Skipping d:\workspace\aimir-doc\help & manual\hems\ko\html\.svn\text-base\new_topic2.htm.svn-base (Blocked by extensions list)
01|09/14/11 20:10:19|Skipping d:\workspace\aimir-doc\help & manual\hems\ko\html\.svn\text-base\settings.js.svn-base (Blocked by extensions list)
01|09/14/11 20:10:19|Skipping d:\workspace\aimir-doc\help & manual\hems\ko\html\.svn\text-base\theme-blue.png.svn-base (Blocked by extensions list)
01|09/14/11 20:10:19|Skipping d:\workspace\aimir-doc\help & manual\hems\ko\html\.svn\text-base\theme-green.png.svn-base (Blocked by extensions list)
01|09/14/11 20:10:19|Skipping d:\workspace\aimir-doc\help & manual\hems\ko\html\.svn\text-base\theme-orange.png.svn-base (Blocked by extensions list)
01|09/14/11 20:10:19|Skipping d:\workspace\aimir-doc\help & manual\hems\ko\html\.svn\text-base\theme_select.png.svn-base (Blocked by extensions list)
01|09/14/11 20:10:19|Skipping d:\workspace\aimir-doc\help & manual\hems\ko\html\.svn\text-base\waterconsumptionmax.png.svn-base (Blocked by extensions list)
01|09/14/11 20:10:19|Skipping d:\workspace\aimir-doc\help & manual\hems\ko\html\.svn\text-base\waterconsumptionmax.zoom76.png.svn-base (Blocked by extensions list)
01|09/14/11 20:10:19|Skipping d:\workspace\aimir-doc\help & manual\hems\ko\html\.svn\text-base\waterconsumptionmax_2.png.svn-base (Blocked by extensions list)
01|09/14/11 20:10:19|Skipping d:\workspace\aimir-doc\help & manual\hems\ko\html\.svn\text-base\waterconsumptionmax_2.zoom76.png.svn-base (Blocked by extensions list)
01|09/14/11 20:10:19|Skipping d:\workspace\aimir-doc\help & manual\hems\ko\html\.svn\text-base\waterconsumptionmini_period.png.svn-base (Blocked by extensions list)
01|09/14/11 20:10:19|Skipping d:\workspace\aimir-doc\help & manual\hems\ko\html\.svn\text-base\waterconsumptionmini_period.zoom77.png.svn-base (Blocked by extensions list)
01|09/14/11 20:10:19|Skipping d:\workspace\aimir-doc\help & manual\hems\ko\html\.svn\text-base\waterconsumptionmini_period.zoom78.png.svn-base (Blocked by extensions list)
01|09/14/11 20:10:19|Skipping d:\workspace\aimir-doc\help & manual\hems\ko\html\.svn\text-base\waterconsumptionmini_period_daily.png.svn-base (Blocked by extensions list)
01|09/14/11 20:10:19|Skipping d:\workspace\aimir-doc\help & manual\hems\ko\html\.svn\text-base\waterconsumptionmini_period_daily.zoom77.png.svn-base (Blocked by extensions list)
01|09/14/11 20:10:19|Skipping d:\workspace\aimir-doc\help & manual\hems\ko\html\.svn\text-base\waterconsumptionmini_period_monthly.png.svn-base (Blocked by extensions list)
01|09/14/11 20:10:19|Skipping d:\workspace\aimir-doc\help & manual\hems\ko\html\.svn\text-base\waterconsumptionmini_period_monthly.zoom77.png.svn-base (Blocked by extensions list)
01|09/14/11 20:10:19|Skipping d:\workspace\aimir-doc\help & manual\hems\ko\html\.svn\text-base\waterconsumptionmini_summary.png.svn-base (Blocked by extensions list)
01|09/14/11 20:10:19|Skipping d:\workspace\aimir-doc\help & manual\hems\ko\html\.svn\text-base\waterconsumptionmini_summary.zoom83.png.svn-base (Blocked by extensions list)
01|09/14/11 20:10:19|Skipping d:\workspace\aimir-doc\help & manual\hems\ko\html\.svn\text-base\watersavingsgoalmax.png.svn-base (Blocked by extensions list)
01|09/14/11 20:10:19|Skipping d:\workspace\aimir-doc\help & manual\hems\ko\html\.svn\text-base\watersavingsgoalmax.zoom76.png.svn-base (Blocked by extensions list)
01|09/14/11 20:10:19|Skipping d:\workspace\aimir-doc\help & manual\hems\ko\html\.svn\text-base\watersavingsgoalmini.png.svn-base (Blocked by extensions list)
01|09/14/11 20:10:19|Skipping d:\workspace\aimir-doc\help & manual\hems\ko\html\.svn\text-base\watersavingsgoalmini.zoom84.png.svn-base (Blocked by extensions list)
01|09/14/11 20:10:19|Skipping d:\workspace\aimir-doc\help & manual\hems\ko\html\.svn\text-base\zindexer.log.svn-base (Blocked by extensions list)
01|09/14/11 20:10:19|Skipping d:\workspace\aimir-doc\help & manual\hems\ko\html\.svn\text-base\zoom_index.js.svn-base (Blocked by extensions list)
01|09/14/11 20:10:19|Skipping d:\workspace\aimir-doc\help & manual\hems\ko\html\.svn\text-base\zoom_pageinfo.js.svn-base (Blocked by extensions list)
01|09/14/11 20:10:19|Skipping d:\workspace\aimir-doc\help & manual\hems\ko\html\.svn\text-base\zoom_search.js.svn-base (Blocked by extensions list)
01|09/14/11 20:10:19|Skipping d:\workspace\aimir-doc\help & manual\hems\ko\html\bg_top.gif (Blocked by extensions list)
01|09/14/11 20:10:19|Skipping d:\workspace\aimir-doc\help & manual\hems\ko\html\bg_top2.gif (Blocked by extensions list)
01|09/14/11 20:10:19|Skipping d:\workspace\aimir-doc\help & manual\hems\ko\html\btn_back_h_1.jpg (Blocked by extensions list)
01|09/14/11 20:10:19|Skipping d:\workspace\aimir-doc\help & manual\hems\ko\html\btn_back_n_1.jpg (Blocked by extensions list)
01|09/14/11 20:10:19|Skipping d:\workspace\aimir-doc\help & manual\hems\ko\html\btn_cancel.png (Blocked by extensions list)
01|09/14/11 20:10:19|Skipping d:\workspace\aimir-doc\help & manual\hems\ko\html\btn_homedeviceInsert.png (Blocked by extensions list)
01|09/14/11 20:10:19|Skipping d:\workspace\aimir-doc\help & manual\hems\ko\html\btn_next_h.gif (Blocked by extensions list)
01|09/14/11 20:10:19|Skipping d:\workspace\aimir-doc\help & manual\hems\ko\html\btn_next_h_1.jpg (Blocked by extensions list)
01|09/14/11 20:10:19|Skipping d:\workspace\aimir-doc\help & manual\hems\ko\html\btn_next_n.gif (Blocked by extensions list)
01|09/14/11 20:10:19|Skipping d:\workspace\aimir-doc\help & manual\hems\ko\html\btn_next_n_1.jpg (Blocked by extensions list)
01|09/14/11 20:10:19|Skipping d:\workspace\aimir-doc\help & manual\hems\ko\html\btn_ok.png (Blocked by extensions list)
01|09/14/11 20:10:19|Skipping d:\workspace\aimir-doc\help & manual\hems\ko\html\btn_prev_h.gif (Blocked by extensions list)
01|09/14/11 20:10:19|Skipping d:\workspace\aimir-doc\help & manual\hems\ko\html\btn_prev_n.gif (Blocked by extensions list)
01|09/14/11 20:10:19|Skipping d:\workspace\aimir-doc\help & manual\hems\ko\html\cicon1.gif (Blocked by extensions list)
01|09/14/11 20:10:19|Skipping d:\workspace\aimir-doc\help & manual\hems\ko\html\cicon2.gif (Blocked by extensions list)
01|09/14/11 20:10:19|Skipping d:\workspace\aimir-doc\help & manual\hems\ko\html\cicon9.gif (Blocked by extensions list)
01|09/14/11 20:10:19|Skipping d:\workspace\aimir-doc\help & manual\hems\ko\html\cicon_loadindex_ani.gif (Blocked by extensions list)
01|09/14/11 20:10:19|Skipping d:\workspace\aimir-doc\help & manual\hems\ko\html\default.css (Blocked by extensions list)
01|09/14/11 20:10:19|Skipping d:\workspace\aimir-doc\help & manual\hems\ko\html\electconsumptionmax_device.png (Blocked by extensions list)
01|09/14/11 20:10:19|Skipping d:\workspace\aimir-doc\help & manual\hems\ko\html\electconsumptionmax_device.zoom77.png (Blocked by extensions list)
01|09/14/11 20:10:19|Skipping d:\workspace\aimir-doc\help & manual\hems\ko\html\electconsumptionmax_device.zoom78.png (Blocked by extensions list)
01|09/14/11 20:10:19|Skipping d:\workspace\aimir-doc\help & manual\hems\ko\html\electconsumptionmax_period.png (Blocked by extensions list)
01|09/14/11 20:10:19|Skipping d:\workspace\aimir-doc\help & manual\hems\ko\html\electconsumptionmax_period.zoom77.png (Blocked by extensions list)
01|09/14/11 20:10:19|Skipping d:\workspace\aimir-doc\help & manual\hems\ko\html\electconsumptionmax_period.zoom78.png (Blocked by extensions list)
01|09/14/11 20:10:19|Skipping d:\workspace\aimir-doc\help & manual\hems\ko\html\electconsumptionmax_summary.png (Blocked by extensions list)
01|09/14/11 20:10:19|Skipping d:\workspace\aimir-doc\help & manual\hems\ko\html\electconsumptionmax_summary.zoom77.png (Blocked by extensions list)
01|09/14/11 20:10:19|Skipping d:\workspace\aimir-doc\help & manual\hems\ko\html\electconsumptionmax_summary.zoom78.png (Blocked by extensions list)
01|09/14/11 20:10:19|Skipping d:\workspace\aimir-doc\help & manual\hems\ko\html\electconsumptionmini_device.png (Blocked by extensions list)
01|09/14/11 20:10:19|Skipping d:\workspace\aimir-doc\help & manual\hems\ko\html\electconsumptionmini_device.zoom78.png (Blocked by extensions list)
01|09/14/11 20:10:19|Skipping d:\workspace\aimir-doc\help & manual\hems\ko\html\electconsumptionmini_device_daily.png (Blocked by extensions list)
01|09/14/11 20:10:19|Skipping d:\workspace\aimir-doc\help & manual\hems\ko\html\electconsumptionmini_device_daily.zoom78.png (Blocked by extensions list)
01|09/14/11 20:10:19|Skipping d:\workspace\aimir-doc\help & manual\hems\ko\html\electconsumptionmini_device_linkedchart.zoom87.png (Blocked by extensions list)
01|09/14/11 20:10:19|Skipping d:\workspace\aimir-doc\help & manual\hems\ko\html\electconsumptionmini_device_monthly.png (Blocked by extensions list)
01|09/14/11 20:10:19|Skipping d:\workspace\aimir-doc\help & manual\hems\ko\html\electconsumptionmini_device_monthly.zoom78.png (Blocked by extensions list)
01|09/14/11 20:10:19|Skipping d:\workspace\aimir-doc\help & manual\hems\ko\html\electconsumptionmini_period.png (Blocked by extensions list)
01|09/14/11 20:10:19|Skipping d:\workspace\aimir-doc\help & manual\hems\ko\html\electconsumptionmini_period.zoom78.png (Blocked by extensions list)
01|09/14/11 20:10:19|Skipping d:\workspace\aimir-doc\help & manual\hems\ko\html\electconsumptionmini_period_daily.png (Blocked by extensions list)
01|09/14/11 20:10:19|Skipping d:\workspace\aimir-doc\help & manual\hems\ko\html\electconsumptionmini_period_daily.zoom78.png (Blocked by extensions list)
01|09/14/11 20:10:19|Skipping d:\workspace\aimir-doc\help & manual\hems\ko\html\electconsumptionmini_period_monthly.png (Blocked by extensions list)
01|09/14/11 20:10:19|Skipping d:\workspace\aimir-doc\help & manual\hems\ko\html\electconsumptionmini_period_monthly.zoom78.png (Blocked by extensions list)
01|09/14/11 20:10:19|Skipping d:\workspace\aimir-doc\help & manual\hems\ko\html\electconsumptionmini_summary.png (Blocked by extensions list)
01|09/14/11 20:10:19|Skipping d:\workspace\aimir-doc\help & manual\hems\ko\html\electconsumptionmini_summary.zoom81.png (Blocked by extensions list)
01|09/14/11 20:10:19|Skipping d:\workspace\aimir-doc\help & manual\hems\ko\html\electsavingsgoalmax.png (Blocked by extensions list)
01|09/14/11 20:10:19|Skipping d:\workspace\aimir-doc\help & manual\hems\ko\html\electsavingsgoalmax.zoom76.png (Blocked by extensions list)
01|09/14/11 20:10:19|Skipping d:\workspace\aimir-doc\help & manual\hems\ko\html\electsavingsgoalmini.png (Blocked by extensions list)
01|09/14/11 20:10:19|Skipping d:\workspace\aimir-doc\help & manual\hems\ko\html\electsavingsgoalmini.zoom84.png (Blocked by extensions list)
01|09/14/11 20:10:19|Skipping d:\workspace\aimir-doc\help & manual\hems\ko\html\embim1.png (Blocked by extensions list)
01|09/14/11 20:10:19|Skipping d:\workspace\aimir-doc\help & manual\hems\ko\html\energySavingsGoalgridSort.png (Blocked by extensions list)
01|09/14/11 20:10:19|Skipping d:\workspace\aimir-doc\help & manual\hems\ko\html\energysavingsgoalgridsort.zoom76.png (Blocked by extensions list)
01|09/14/11 20:10:19|Skipping d:\workspace\aimir-doc\help & manual\hems\ko\html\energysavingsgoalgridsort.zoom77.png (Blocked by extensions list)
01|09/14/11 20:10:19|Skipping d:\workspace\aimir-doc\help & manual\hems\ko\html\gadgetcomponent.png (Blocked by extensions list)
00|09/14/11 20:10:19|Indexing d:\workspace\aimir-doc\help & manual\hems\ko\html\gadget_descr_hems_info006.htm
00|09/14/11 20:10:19|Indexing d:\workspace\aimir-doc\help & manual\hems\ko\html\gadget_hems_demandresponsemgmt.htm
00|09/14/11 20:10:19|Indexing d:\workspace\aimir-doc\help & manual\hems\ko\html\gadget_hems_electconsumption.htm
00|09/14/11 20:10:19|Indexing d:\workspace\aimir-doc\help & manual\hems\ko\html\gadget_hems_electprepaymentcustomer.htm
00|09/14/11 20:10:19|Indexing d:\workspace\aimir-doc\help & manual\hems\ko\html\gadget_hems_electsavingsgoal.htm
00|09/14/11 20:10:19|Indexing d:\workspace\aimir-doc\help & manual\hems\ko\html\gadget_hems_gasconsumption.htm
00|09/14/11 20:10:19|Indexing d:\workspace\aimir-doc\help & manual\hems\ko\html\gadget_hems_gasprepaymentcustomer.htm
00|09/14/11 20:10:19|Indexing d:\workspace\aimir-doc\help & manual\hems\ko\html\gadget_hems_gassavingsgoal.htm
00|09/14/11 20:10:19|Indexing d:\workspace\aimir-doc\help & manual\hems\ko\html\gadget_hems_homedevicemgmt.htm
00|09/14/11 20:10:19|Indexing d:\workspace\aimir-doc\help & manual\hems\ko\html\gadget_hems_myreport.htm
00|09/14/11 20:10:19|Indexing d:\workspace\aimir-doc\help & manual\hems\ko\html\gadget_hems_waterconsumption.htm
00|09/14/11 20:10:19|Indexing d:\workspace\aimir-doc\help & manual\hems\ko\html\gadget_hems_waterprepaymentcustomer.htm
00|09/14/11 20:10:19|Indexing d:\workspace\aimir-doc\help & manual\hems\ko\html\gadget_hems_watersavingsgoal.htm
01|09/14/11 20:10:19|Skipping d:\workspace\aimir-doc\help & manual\hems\ko\html\gasconsumptionmax.png (Blocked by extensions list)
01|09/14/11 20:10:19|Skipping d:\workspace\aimir-doc\help & manual\hems\ko\html\gasconsumptionmax.zoom77.png (Blocked by extensions list)
01|09/14/11 20:10:19|Skipping d:\workspace\aimir-doc\help & manual\hems\ko\html\gasconsumptionmax_2.png (Blocked by extensions list)
01|09/14/11 20:10:19|Skipping d:\workspace\aimir-doc\help & manual\hems\ko\html\gasconsumptionmax_2.zoom77.png (Blocked by extensions list)
01|09/14/11 20:10:19|Skipping d:\workspace\aimir-doc\help & manual\hems\ko\html\gasconsumptionmini_period.png (Blocked by extensions list)
01|09/14/11 20:10:19|Skipping d:\workspace\aimir-doc\help & manual\hems\ko\html\gasconsumptionmini_period.zoom75.png (Blocked by extensions list)
01|09/14/11 20:10:19|Skipping d:\workspace\aimir-doc\help & manual\hems\ko\html\gasconsumptionmini_period.zoom76.png (Blocked by extensions list)
01|09/14/11 20:10:19|Skipping d:\workspace\aimir-doc\help & manual\hems\ko\html\gasconsumptionmini_period.zoom77.png (Blocked by extensions list)
01|09/14/11 20:10:19|Skipping d:\workspace\aimir-doc\help & manual\hems\ko\html\gasconsumptionmini_period.zoom78.png (Blocked by extensions list)
01|09/14/11 20:10:19|Skipping d:\workspace\aimir-doc\help & manual\hems\ko\html\gasconsumptionmini_period_daily.png (Blocked by extensions list)
01|09/14/11 20:10:19|Skipping d:\workspace\aimir-doc\help & manual\hems\ko\html\gasconsumptionmini_period_daily.zoom73.png (Blocked by extensions list)
01|09/14/11 20:10:19|Skipping d:\workspace\aimir-doc\help & manual\hems\ko\html\gasconsumptionmini_period_daily.zoom75.png (Blocked by extensions list)
01|09/14/11 20:10:19|Skipping d:\workspace\aimir-doc\help & manual\hems\ko\html\gasconsumptionmini_period_daily.zoom77.png (Blocked by extensions list)
01|09/14/11 20:10:19|Skipping d:\workspace\aimir-doc\help & manual\hems\ko\html\gasconsumptionmini_period_daily.zoom78.png (Blocked by extensions list)
01|09/14/11 20:10:19|Skipping d:\workspace\aimir-doc\help & manual\hems\ko\html\gasconsumptionmini_period_monthly.png (Blocked by extensions list)
01|09/14/11 20:10:19|Skipping d:\workspace\aimir-doc\help & manual\hems\ko\html\gasconsumptionmini_period_monthly.zoom74.png (Blocked by extensions list)
01|09/14/11 20:10:19|Skipping d:\workspace\aimir-doc\help & manual\hems\ko\html\gasconsumptionmini_period_monthly.zoom77.png (Blocked by extensions list)
01|09/14/11 20:10:19|Skipping d:\workspace\aimir-doc\help & manual\hems\ko\html\gasconsumptionmini_period_monthly.zoom78.png (Blocked by extensions list)
01|09/14/11 20:10:19|Skipping d:\workspace\aimir-doc\help & manual\hems\ko\html\gasconsumptionmini_summary.png (Blocked by extensions list)
01|09/14/11 20:10:19|Skipping d:\workspace\aimir-doc\help & manual\hems\ko\html\gasconsumptionmini_summary.zoom84.png (Blocked by extensions list)
01|09/14/11 20:10:19|Skipping d:\workspace\aimir-doc\help & manual\hems\ko\html\gassavingsgoalmax.png (Blocked by extensions list)
01|09/14/11 20:10:19|Skipping d:\workspace\aimir-doc\help & manual\hems\ko\html\gassavingsgoalmax.zoom76.png (Blocked by extensions list)
01|09/14/11 20:10:19|Skipping d:\workspace\aimir-doc\help & manual\hems\ko\html\gassavingsgoalmini.png (Blocked by extensions list)
01|09/14/11 20:10:19|Skipping d:\workspace\aimir-doc\help & manual\hems\ko\html\gassavingsgoalmini.zoom84.png (Blocked by extensions list)
01|09/14/11 20:10:19|Skipping d:\workspace\aimir-doc\help & manual\hems\ko\html\header_bg.jpg (Blocked by extensions list)
01|09/14/11 20:10:19|Skipping d:\workspace\aimir-doc\help & manual\hems\ko\html\helpman_topicinit.js (Blocked by extensions list)
01|09/14/11 20:10:19|Skipping d:\workspace\aimir-doc\help & manual\hems\ko\html\hems_ko.zcfg (Blocked by extensions list)
01|09/14/11 20:10:19|Skipping d:\workspace\aimir-doc\help & manual\hems\ko\html\HEMS_ko.zlang (Blocked by extensions list)
01|09/14/11 20:10:19|Skipping d:\workspace\aimir-doc\help & manual\hems\ko\html\hems_ko_content_dyn.html (Blocked by extensions list)
01|09/14/11 20:10:19|Skipping d:\workspace\aimir-doc\help & manual\hems\ko\html\hems_ko_content_static.html (Blocked by extensions list)
01|09/14/11 20:10:19|Skipping d:\workspace\aimir-doc\help & manual\hems\ko\html\hems_ko_ftsearch.html (Blocked by extensions list)
01|09/14/11 20:10:19|Skipping d:\workspace\aimir-doc\help & manual\hems\ko\html\hems_ko_kwindex_dyn.html (Blocked by extensions list)
01|09/14/11 20:10:19|Skipping d:\workspace\aimir-doc\help & manual\hems\ko\html\hems_ko_kwindex_static.html (Blocked by extensions list)
01|09/14/11 20:10:19|Skipping d:\workspace\aimir-doc\help & manual\hems\ko\html\hems_ko_navigation.js (Blocked by extensions list)
01|09/14/11 20:10:19|Skipping d:\workspace\aimir-doc\help & manual\hems\ko\html\HEMS_ko_popup_html.js (Blocked by extensions list)
01|09/14/11 20:10:19|Skipping d:\workspace\aimir-doc\help & manual\hems\ko\html\hems_layout.png (Blocked by extensions list)
01|09/14/11 20:10:19|Skipping d:\workspace\aimir-doc\help & manual\hems\ko\html\hems_layout.zoom76.png (Blocked by extensions list)
00|09/14/11 20:10:19|Indexing d:\workspace\aimir-doc\help & manual\hems\ko\html\hems_overview.htm
00|09/14/11 20:10:19|Indexing d:\workspace\aimir-doc\help & manual\hems\ko\html\hems___.htm
01|09/14/11 20:10:19|Skipping d:\workspace\aimir-doc\help & manual\hems\ko\html\highlight.js (Blocked by extensions list)
01|09/14/11 20:10:19|Skipping d:\workspace\aimir-doc\help & manual\hems\ko\html\homedevicedragdrop.png (Blocked by extensions list)
01|09/14/11 20:10:19|Skipping d:\workspace\aimir-doc\help & manual\hems\ko\html\homedevicedragdrop.zoom88.png (Blocked by extensions list)
01|09/14/11 20:10:19|Skipping d:\workspace\aimir-doc\help & manual\hems\ko\html\homedevicedragdrop.zoom91.png (Blocked by extensions list)
01|09/14/11 20:10:19|Skipping d:\workspace\aimir-doc\help & manual\hems\ko\html\homedevicemgmtmax.png (Blocked by extensions list)
01|09/14/11 20:10:19|Skipping d:\workspace\aimir-doc\help & manual\hems\ko\html\homedevicemgmtmax.zoom76.png (Blocked by extensions list)
01|09/14/11 20:10:19|Skipping d:\workspace\aimir-doc\help & manual\hems\ko\html\homedevicemgmtmax_update.png (Blocked by extensions list)
01|09/14/11 20:10:19|Skipping d:\workspace\aimir-doc\help & manual\hems\ko\html\homedevicemgmtmax_update.zoom76.png (Blocked by extensions list)
01|09/14/11 20:10:19|Skipping d:\workspace\aimir-doc\help & manual\hems\ko\html\homedevicemgmtmini_1.png (Blocked by extensions list)
01|09/14/11 20:10:19|Skipping d:\workspace\aimir-doc\help & manual\hems\ko\html\homedevicemgmtmini_1.zoom83.png (Blocked by extensions list)
01|09/14/11 20:10:19|Skipping d:\workspace\aimir-doc\help & manual\hems\ko\html\homedevicemgmtmini_2.png (Blocked by extensions list)
01|09/14/11 20:10:19|Skipping d:\workspace\aimir-doc\help & manual\hems\ko\html\homedevicemgmtmini_2.zoom84.png (Blocked by extensions list)
01|09/14/11 20:10:19|Skipping d:\workspace\aimir-doc\help & manual\hems\ko\html\homedevicemgmtmini_3.png (Blocked by extensions list)
01|09/14/11 20:10:19|Skipping d:\workspace\aimir-doc\help & manual\hems\ko\html\homedevicemgmtmini_3.zoom92.png (Blocked by extensions list)
01|09/14/11 20:10:19|Skipping d:\workspace\aimir-doc\help & manual\hems\ko\html\homedevicemgmtmini_3.zoom95.png (Blocked by extensions list)
01|09/14/11 20:10:19|Skipping d:\workspace\aimir-doc\help & manual\hems\ko\html\homedevicemgmtmini_3_appliance.png (Blocked by extensions list)
01|09/14/11 20:10:19|Skipping d:\workspace\aimir-doc\help & manual\hems\ko\html\homedevicemgmtmini_3_appliance.zoom93.png (Blocked by extensions list)
01|09/14/11 20:10:19|Skipping d:\workspace\aimir-doc\help & manual\hems\ko\html\icon_arrow.gif (Blocked by extensions list)
01|09/14/11 20:10:19|Skipping d:\workspace\aimir-doc\help & manual\hems\ko\html\icon_direction.gif (Blocked by extensions list)
01|09/14/11 20:10:19|Skipping d:\workspace\aimir-doc\help & manual\hems\ko\html\icon_expanding.png (Blocked by extensions list)
01|09/14/11 20:10:19|Skipping d:\workspace\aimir-doc\help & manual\hems\ko\html\icon_hide.png (Blocked by extensions list)
01|09/14/11 20:10:19|Skipping d:\workspace\aimir-doc\help & manual\hems\ko\html\icon_home.png (Blocked by extensions list)
01|09/14/11 20:10:19|Skipping d:\workspace\aimir-doc\help & manual\hems\ko\html\icon_mappingcancel.png (Blocked by extensions list)
01|09/14/11 20:10:19|Skipping d:\workspace\aimir-doc\help & manual\hems\ko\html\icon_mapping_ng.png (Blocked by extensions list)
01|09/14/11 20:10:19|Skipping d:\workspace\aimir-doc\help & manual\hems\ko\html\icon_mapping_ok.png (Blocked by extensions list)
01|09/14/11 20:10:19|Skipping d:\workspace\aimir-doc\help & manual\hems\ko\html\icon_nextyear.png (Blocked by extensions list)
01|09/14/11 20:10:19|Skipping d:\workspace\aimir-doc\help & manual\hems\ko\html\icon_previousyear.png (Blocked by extensions list)
01|09/14/11 20:10:19|Skipping d:\workspace\aimir-doc\help & manual\hems\ko\html\index.html (Blocked by extensions list)
00|09/14/11 20:10:19|Indexing d:\workspace\aimir-doc\help & manual\hems\ko\html\introduction.htm
01|09/14/11 20:10:19|Skipping d:\workspace\aimir-doc\help & manual\hems\ko\html\myreport.png (Blocked by extensions list)
01|09/14/11 20:10:19|Skipping d:\workspace\aimir-doc\help & manual\hems\ko\html\myreport.zoom77.png (Blocked by extensions list)
01|09/14/11 20:10:19|Skipping d:\workspace\aimir-doc\help & manual\hems\ko\html\myreport_calendar.png (Blocked by extensions list)
01|09/14/11 20:10:19|Skipping d:\workspace\aimir-doc\help & manual\hems\ko\html\myreport_calendar_allowleft.png (Blocked by extensions list)
01|09/14/11 20:10:19|Skipping d:\workspace\aimir-doc\help & manual\hems\ko\html\myreport_calendar_allowright.png (Blocked by extensions list)
01|09/14/11 20:10:19|Skipping d:\workspace\aimir-doc\help & manual\hems\ko\html\myreport_calendar_monthpicker.png (Blocked by extensions list)
01|09/14/11 20:10:19|Skipping d:\workspace\aimir-doc\help & manual\hems\ko\html\myreport_calendar_today.png (Blocked by extensions list)
01|09/14/11 20:10:19|Skipping d:\workspace\aimir-doc\help & manual\hems\ko\html\myreport_elec.png (Blocked by extensions list)
01|09/14/11 20:10:19|Skipping d:\workspace\aimir-doc\help & manual\hems\ko\html\myreport_elec.zoom93.png (Blocked by extensions list)
01|09/14/11 20:10:19|Skipping d:\workspace\aimir-doc\help & manual\hems\ko\html\myreport_gas.png (Blocked by extensions list)
01|09/14/11 20:10:19|Skipping d:\workspace\aimir-doc\help & manual\hems\ko\html\myreport_gas.zoom93.png (Blocked by extensions list)
01|09/14/11 20:10:19|Skipping d:\workspace\aimir-doc\help & manual\hems\ko\html\myreport_selectdate.zoom78.png (Blocked by extensions list)
01|09/14/11 20:10:19|Skipping d:\workspace\aimir-doc\help & manual\hems\ko\html\myreport_water.png (Blocked by extensions list)
01|09/14/11 20:10:19|Skipping d:\workspace\aimir-doc\help & manual\hems\ko\html\myreport_water.zoom93.png (Blocked by extensions list)
01|09/14/11 20:10:19|Skipping d:\workspace\aimir-doc\help & manual\hems\ko\html\nav_bg.gif (Blocked by extensions list)
00|09/14/11 20:10:19|Indexing d:\workspace\aimir-doc\help & manual\hems\ko\html\new_topic.htm
00|09/14/11 20:10:19|Indexing d:\workspace\aimir-doc\help & manual\hems\ko\html\new_topic2.htm
01|09/14/11 20:10:19|Skipping d:\workspace\aimir-doc\help & manual\hems\ko\html\settings.js (Blocked by extensions list)
01|09/14/11 20:10:19|Skipping d:\workspace\aimir-doc\help & manual\hems\ko\html\theme-blue.png (Blocked by extensions list)
01|09/14/11 20:10:19|Skipping d:\workspace\aimir-doc\help & manual\hems\ko\html\theme-green.png (Blocked by extensions list)
01|09/14/11 20:10:19|Skipping d:\workspace\aimir-doc\help & manual\hems\ko\html\theme-orange.png (Blocked by extensions list)
01|09/14/11 20:10:19|Skipping d:\workspace\aimir-doc\help & manual\hems\ko\html\theme_select.png (Blocked by extensions list)
01|09/14/11 20:10:19|Skipping d:\workspace\aimir-doc\help & manual\hems\ko\html\waterconsumptionmax.png (Blocked by extensions list)
01|09/14/11 20:10:19|Skipping d:\workspace\aimir-doc\help & manual\hems\ko\html\waterconsumptionmax.zoom76.png (Blocked by extensions list)
01|09/14/11 20:10:19|Skipping d:\workspace\aimir-doc\help & manual\hems\ko\html\waterconsumptionmax_2.png (Blocked by extensions list)
01|09/14/11 20:10:19|Skipping d:\workspace\aimir-doc\help & manual\hems\ko\html\waterconsumptionmax_2.zoom76.png (Blocked by extensions list)
01|09/14/11 20:10:19|Skipping d:\workspace\aimir-doc\help & manual\hems\ko\html\waterconsumptionmini_period.png (Blocked by extensions list)
01|09/14/11 20:10:19|Skipping d:\workspace\aimir-doc\help & manual\hems\ko\html\waterconsumptionmini_period.zoom77.png (Blocked by extensions list)
01|09/14/11 20:10:19|Skipping d:\workspace\aimir-doc\help & manual\hems\ko\html\waterconsumptionmini_period.zoom78.png (Blocked by extensions list)
01|09/14/11 20:10:19|Skipping d:\workspace\aimir-doc\help & manual\hems\ko\html\waterconsumptionmini_period_daily.png (Blocked by extensions list)
01|09/14/11 20:10:19|Skipping d:\workspace\aimir-doc\help & manual\hems\ko\html\waterconsumptionmini_period_daily.zoom77.png (Blocked by extensions list)
01|09/14/11 20:10:19|Skipping d:\workspace\aimir-doc\help & manual\hems\ko\html\waterconsumptionmini_period_monthly.png (Blocked by extensions list)
01|09/14/11 20:10:19|Skipping d:\workspace\aimir-doc\help & manual\hems\ko\html\waterconsumptionmini_period_monthly.zoom77.png (Blocked by extensions list)
01|09/14/11 20:10:19|Skipping d:\workspace\aimir-doc\help & manual\hems\ko\html\waterconsumptionmini_summary.png (Blocked by extensions list)
01|09/14/11 20:10:19|Skipping d:\workspace\aimir-doc\help & manual\hems\ko\html\waterconsumptionmini_summary.zoom83.png (Blocked by extensions list)
01|09/14/11 20:10:19|Skipping d:\workspace\aimir-doc\help & manual\hems\ko\html\watersavingsgoalmax.png (Blocked by extensions list)
01|09/14/11 20:10:19|Skipping d:\workspace\aimir-doc\help & manual\hems\ko\html\watersavingsgoalmax.zoom76.png (Blocked by extensions list)
01|09/14/11 20:10:19|Skipping d:\workspace\aimir-doc\help & manual\hems\ko\html\watersavingsgoalmini.png (Blocked by extensions list)
01|09/14/11 20:10:19|Skipping d:\workspace\aimir-doc\help & manual\hems\ko\html\watersavingsgoalmini.zoom84.png (Blocked by extensions list)
01|09/14/11 20:10:19|Skipping d:\workspace\aimir-doc\help & manual\hems\ko\html\zindexer.log (Blocked by extensions list)
01|09/14/11 20:10:19|Skipping d:\workspace\aimir-doc\help & manual\hems\ko\html\zoom_index.js (Blocked by extensions list)
01|09/14/11 20:10:19|Skipping d:\workspace\aimir-doc\help & manual\hems\ko\html\zoom_pagedata.tmp (Blocked by extensions list)
01|09/14/11 20:10:19|Skipping d:\workspace\aimir-doc\help & manual\hems\ko\html\zoom_pageinfo.js (Blocked by extensions list)
01|09/14/11 20:10:19|Skipping d:\workspace\aimir-doc\help & manual\hems\ko\html\zoom_pageinfo.tmp (Blocked by extensions list)
01|09/14/11 20:10:19|Skipping d:\workspace\aimir-doc\help & manual\hems\ko\html\zoom_search.js (Blocked by extensions list)
03|09/14/11 20:10:19|All index files will be written to: d:\workspace\aimir-doc\help & manual\hems\ko\html
03|09/14/11 20:10:19|Writing index data for JavaScript search... (Please wait)
03|09/14/11 20:10:19|Dictionary written out to zoom_index.js
03|09/14/11 20:10:19|Pagedata written out to zoom_pagedata.tmp
03|09/14/11 20:10:19|Pageinfo written out to zoom_pageinfo.tmp
03|09/14/11 20:10:19|Skip words data written out to zoom_index.js
03|09/14/11 20:10:19|Created script settings file (settings.js)
10|09/14/11 20:10:19|Indexing completed at Wed Sep 14 20:10:19 2011
12|09/14/11 20:10:19|INDEX SUMMARY
12|09/14/11 20:10:19|Files indexed: 18
12|09/14/11 20:10:19|Files skipped: 519
12|09/14/11 20:10:19|Files filtered: 0
12|09/14/11 20:10:19|Files downloaded: 0
12|09/14/11 20:10:19|Unique words found: 985
12|09/14/11 20:10:19|Variant words found: 68
12|09/14/11 20:10:19|Total words found: 7386
12|09/14/11 20:10:19|Avg. unique words per page: 54.72
12|09/14/11 20:10:19|Avg. words per page: 410
12|09/14/11 20:10:19|Start index time: 20:10:18 (2011/09/14)
12|09/14/11 20:10:19|Elapsed index time: 00:00:01
12|09/14/11 20:10:19|Peak physical memory used: 47 MB
12|09/14/11 20:10:19|Peak virtual memory used: 237 MB
12|09/14/11 20:10:19|Errors: 0
12|09/14/11 20:10:19|Total bytes scanned/downloaded: 318356
12|09/14/11 20:10:19|File extensions: 
12|09/14/11 20:10:19|    .htm indexed: 18
02|09/14/11 20:10:19|Cleaning up memory used for index data... please wait.
02|09/14/11 20:10:19|Finished cleaning up memory.
08|09/14/11 20:10:19|Could not copy search script to: d:\workspace\aimir-doc\help & manual\hems\ko\html\search.js
08|09/14/11 20:10:21|Could not open source template file: C:\Program Files\EC Software\HelpAndManual5\Compilers\scripts\Javascript\search_src.html
08|09/14/11 20:10:21|Failed to create search template file: d:\workspace\aimir-doc\help & manual\hems\ko\html\search.html
