02|09/29/11 16:36:39|Config file loaded: d:\workspace\aimir-doc\help & manual\aimir\en\manual\html\aimirv3.1_mtr_nms_(english_ver.).zcfg
10|09/29/11 16:36:41|Start indexing (offline mode) at Thu Sep 29 16:36:41 2011
02|09/29/11 16:36:41|Maximum number of words: 500000
02|09/29/11 16:36:41|Maximum number of files: 65500
02|09/29/11 16:36:41|Will scan files with extensions
02|09/29/11 16:36:41|     .htm
02|09/29/11 16:36:41|Search root directory: d:\workspace\aimir-doc\help & manual\aimir\en\manual\html
02|09/29/11 16:36:41|Web site URL: ./
02|09/29/11 16:36:41|Estimated RAM required during index process: 659339 KB
09|09/29/11 16:36:41|Warning: Low RAM. Indexer may run very slowly
02|09/29/11 16:36:41|Total RAM: 2022236 KB
02|09/29/11 16:36:41|Available RAM: 276248 KB
00|09/29/11 16:36:42|Indexing d:\workspace\aimir-doc\help & manual\aimir\en\manual\html\2__gadget.htm
00|09/29/11 16:36:42|Indexing d:\workspace\aimir-doc\help & manual\aimir\en\manual\html\3__dashboard_and_gadget_manage.htm
00|09/29/11 16:36:42|Indexing d:\workspace\aimir-doc\help & manual\aimir\en\manual\html\4__help.htm
01|09/29/11 16:36:42|Skipping d:\workspace\aimir-doc\help & manual\aimir\en\manual\html\aimirv3.1_mtr_nms_(english_ver.).zcfg (Blocked by extensions list)
01|09/29/11 16:36:42|Skipping d:\workspace\aimir-doc\help & manual\aimir\en\manual\html\AIMIRv3.1_MTR_NMS_(english_ver.).zlang (Blocked by extensions list)
01|09/29/11 16:36:42|Skipping d:\workspace\aimir-doc\help & manual\aimir\en\manual\html\aimirv3.1_mtr_nms_(english_ver.)_content_dyn.html (Blocked by extensions list)
01|09/29/11 16:36:42|Skipping d:\workspace\aimir-doc\help & manual\aimir\en\manual\html\aimirv3.1_mtr_nms_(english_ver.)_content_static.html (Blocked by extensions list)
01|09/29/11 16:36:42|Skipping d:\workspace\aimir-doc\help & manual\aimir\en\manual\html\aimirv3.1_mtr_nms_(english_ver.)_ftsearch.html (Blocked by extensions list)
01|09/29/11 16:36:42|Skipping d:\workspace\aimir-doc\help & manual\aimir\en\manual\html\aimirv3.1_mtr_nms_(english_ver.)_kwindex_dyn.html (Blocked by extensions list)
01|09/29/11 16:36:42|Skipping d:\workspace\aimir-doc\help & manual\aimir\en\manual\html\aimirv3.1_mtr_nms_(english_ver.)_kwindex_static.html (Blocked by extensions list)
01|09/29/11 16:36:42|Skipping d:\workspace\aimir-doc\help & manual\aimir\en\manual\html\aimirv3.1_mtr_nms_(english_ver.)_navigation.js (Blocked by extensions list)
01|09/29/11 16:36:42|Skipping d:\workspace\aimir-doc\help & manual\aimir\en\manual\html\AIMIRv3.1_MTR_NMS_(english_ver.)_popup_html.js (Blocked by extensions list)
01|09/29/11 16:36:42|Skipping d:\workspace\aimir-doc\help & manual\aimir\en\manual\html\aimir_abnormalcontractcustomer1.png (Blocked by extensions list)
01|09/29/11 16:36:42|Skipping d:\workspace\aimir-doc\help & manual\aimir\en\manual\html\aimir_abnormalcontractcustomer2.png (Blocked by extensions list)
01|09/29/11 16:36:42|Skipping d:\workspace\aimir-doc\help & manual\aimir\en\manual\html\aimir_abnormalcontractcustomer2.zoom50.png (Blocked by extensions list)
01|09/29/11 16:36:42|Skipping d:\workspace\aimir-doc\help & manual\aimir\en\manual\html\aimir_batterymgmt1.png (Blocked by extensions list)
01|09/29/11 16:36:42|Skipping d:\workspace\aimir-doc\help & manual\aimir\en\manual\html\aimir_batterymgmt2.png (Blocked by extensions list)
01|09/29/11 16:36:42|Skipping d:\workspace\aimir-doc\help & manual\aimir\en\manual\html\aimir_batterymgmt2.zoom50.png (Blocked by extensions list)
01|09/29/11 16:36:42|Skipping d:\workspace\aimir-doc\help & manual\aimir\en\manual\html\aimir_circuitbreakermgmt2.png (Blocked by extensions list)
01|09/29/11 16:36:42|Skipping d:\workspace\aimir-doc\help & manual\aimir\en\manual\html\aimir_circuitbreakermgmt2.zoom50.png (Blocked by extensions list)
01|09/29/11 16:36:42|Skipping d:\workspace\aimir-doc\help & manual\aimir\en\manual\html\aimir_codemgmt1.png (Blocked by extensions list)
01|09/29/11 16:36:42|Skipping d:\workspace\aimir-doc\help & manual\aimir\en\manual\html\aimir_codemgmt2.png (Blocked by extensions list)
01|09/29/11 16:36:42|Skipping d:\workspace\aimir-doc\help & manual\aimir\en\manual\html\aimir_codemgmt2.zoom50.png (Blocked by extensions list)
01|09/29/11 16:36:42|Skipping d:\workspace\aimir-doc\help & manual\aimir\en\manual\html\aimir_communicationlog1.png (Blocked by extensions list)
01|09/29/11 16:36:42|Skipping d:\workspace\aimir-doc\help & manual\aimir\en\manual\html\aimir_communicationlog2.png (Blocked by extensions list)
01|09/29/11 16:36:42|Skipping d:\workspace\aimir-doc\help & manual\aimir\en\manual\html\aimir_communicationlog2.zoom50.png (Blocked by extensions list)
01|09/29/11 16:36:42|Skipping d:\workspace\aimir-doc\help & manual\aimir\en\manual\html\aimir_consumptionrankingem1.png (Blocked by extensions list)
01|09/29/11 16:36:42|Skipping d:\workspace\aimir-doc\help & manual\aimir\en\manual\html\aimir_consumptionrankingem2.png (Blocked by extensions list)
01|09/29/11 16:36:42|Skipping d:\workspace\aimir-doc\help & manual\aimir\en\manual\html\aimir_consumptionrankingem2.zoom50.png (Blocked by extensions list)
01|09/29/11 16:36:42|Skipping d:\workspace\aimir-doc\help & manual\aimir\en\manual\html\aimir_consumptionrankingem3.png (Blocked by extensions list)
01|09/29/11 16:36:42|Skipping d:\workspace\aimir-doc\help & manual\aimir\en\manual\html\aimir_consumptionrankingem3.zoom50.png (Blocked by extensions list)
01|09/29/11 16:36:42|Skipping d:\workspace\aimir-doc\help & manual\aimir\en\manual\html\aimir_consumptionrankingem4.png (Blocked by extensions list)
01|09/29/11 16:36:42|Skipping d:\workspace\aimir-doc\help & manual\aimir\en\manual\html\aimir_consumptionrankingem4.zoom50.png (Blocked by extensions list)
01|09/29/11 16:36:42|Skipping d:\workspace\aimir-doc\help & manual\aimir\en\manual\html\aimir_customerandcontract1.png (Blocked by extensions list)
01|09/29/11 16:36:42|Skipping d:\workspace\aimir-doc\help & manual\aimir\en\manual\html\aimir_customerandcontract2.png (Blocked by extensions list)
01|09/29/11 16:36:42|Skipping d:\workspace\aimir-doc\help & manual\aimir\en\manual\html\aimir_customerandcontract2.zoom50.png (Blocked by extensions list)
01|09/29/11 16:36:42|Skipping d:\workspace\aimir-doc\help & manual\aimir\en\manual\html\aimir_customerandcontract3.png (Blocked by extensions list)
01|09/29/11 16:36:42|Skipping d:\workspace\aimir-doc\help & manual\aimir\en\manual\html\aimir_customerandcontract3.zoom50.png (Blocked by extensions list)
01|09/29/11 16:36:42|Skipping d:\workspace\aimir-doc\help & manual\aimir\en\manual\html\aimir_customerandcontract4.png (Blocked by extensions list)
01|09/29/11 16:36:42|Skipping d:\workspace\aimir-doc\help & manual\aimir\en\manual\html\aimir_customerandcontract4.zoom50.png (Blocked by extensions list)
01|09/29/11 16:36:42|Skipping d:\workspace\aimir-doc\help & manual\aimir\en\manual\html\aimir_customerandcontract5.png (Blocked by extensions list)
01|09/29/11 16:36:42|Skipping d:\workspace\aimir-doc\help & manual\aimir\en\manual\html\aimir_customerandcontract5.zoom50.png (Blocked by extensions list)
01|09/29/11 16:36:42|Skipping d:\workspace\aimir-doc\help & manual\aimir\en\manual\html\aimir_customerandcontract6.png (Blocked by extensions list)
01|09/29/11 16:36:42|Skipping d:\workspace\aimir-doc\help & manual\aimir\en\manual\html\aimir_customerandcontract6.zoom50.png (Blocked by extensions list)
01|09/29/11 16:36:42|Skipping d:\workspace\aimir-doc\help & manual\aimir\en\manual\html\aimir_dashboard1.png (Blocked by extensions list)
01|09/29/11 16:36:42|Skipping d:\workspace\aimir-doc\help & manual\aimir\en\manual\html\aimir_dashboard1.zoom50.png (Blocked by extensions list)
01|09/29/11 16:36:42|Skipping d:\workspace\aimir-doc\help & manual\aimir\en\manual\html\aimir_dashboard2.png (Blocked by extensions list)
01|09/29/11 16:36:42|Skipping d:\workspace\aimir-doc\help & manual\aimir\en\manual\html\aimir_dashboard2.zoom50.png (Blocked by extensions list)
01|09/29/11 16:36:42|Skipping d:\workspace\aimir-doc\help & manual\aimir\en\manual\html\aimir_dashboard3.png (Blocked by extensions list)
01|09/29/11 16:36:42|Skipping d:\workspace\aimir-doc\help & manual\aimir\en\manual\html\aimir_dashboard4.png (Blocked by extensions list)
01|09/29/11 16:36:42|Skipping d:\workspace\aimir-doc\help & manual\aimir\en\manual\html\aimir_dashboard4.zoom50.png (Blocked by extensions list)
01|09/29/11 16:36:42|Skipping d:\workspace\aimir-doc\help & manual\aimir\en\manual\html\aimir_dashboard5.png (Blocked by extensions list)
01|09/29/11 16:36:42|Skipping d:\workspace\aimir-doc\help & manual\aimir\en\manual\html\aimir_dashboard5.zoom50.png (Blocked by extensions list)
01|09/29/11 16:36:42|Skipping d:\workspace\aimir-doc\help & manual\aimir\en\manual\html\aimir_datagapsem1.png (Blocked by extensions list)
01|09/29/11 16:36:42|Skipping d:\workspace\aimir-doc\help & manual\aimir\en\manual\html\aimir_datagapsem2.png (Blocked by extensions list)
01|09/29/11 16:36:42|Skipping d:\workspace\aimir-doc\help & manual\aimir\en\manual\html\aimir_datagapsem2.zoom50.png (Blocked by extensions list)
01|09/29/11 16:36:42|Skipping d:\workspace\aimir-doc\help & manual\aimir\en\manual\html\aimir_datagapsgm1.png (Blocked by extensions list)
01|09/29/11 16:36:42|Skipping d:\workspace\aimir-doc\help & manual\aimir\en\manual\html\aimir_datagapsgm2.png (Blocked by extensions list)
01|09/29/11 16:36:42|Skipping d:\workspace\aimir-doc\help & manual\aimir\en\manual\html\aimir_datagapsgm2.zoom50.png (Blocked by extensions list)
01|09/29/11 16:36:42|Skipping d:\workspace\aimir-doc\help & manual\aimir\en\manual\html\aimir_demandmgmt1.png (Blocked by extensions list)
01|09/29/11 16:36:42|Skipping d:\workspace\aimir-doc\help & manual\aimir\en\manual\html\aimir_demandmgmt2.png (Blocked by extensions list)
01|09/29/11 16:36:42|Skipping d:\workspace\aimir-doc\help & manual\aimir\en\manual\html\aimir_demandmgmt2.zoom50.png (Blocked by extensions list)
01|09/29/11 16:36:42|Skipping d:\workspace\aimir-doc\help & manual\aimir\en\manual\html\aimir_devicevendermodel1.png (Blocked by extensions list)
01|09/29/11 16:36:42|Skipping d:\workspace\aimir-doc\help & manual\aimir\en\manual\html\aimir_devicevendermodel2.png (Blocked by extensions list)
01|09/29/11 16:36:42|Skipping d:\workspace\aimir-doc\help & manual\aimir\en\manual\html\aimir_devicevendermodel2.zoom50.png (Blocked by extensions list)
01|09/29/11 16:36:42|Skipping d:\workspace\aimir-doc\help & manual\aimir\en\manual\html\aimir_energymgmtem2.png (Blocked by extensions list)
01|09/29/11 16:36:42|Skipping d:\workspace\aimir-doc\help & manual\aimir\en\manual\html\aimir_energymgmtem2.zoom50.png (Blocked by extensions list)
01|09/29/11 16:36:42|Skipping d:\workspace\aimir-doc\help & manual\aimir\en\manual\html\aimir_eventandalarm1.png (Blocked by extensions list)
01|09/29/11 16:36:42|Skipping d:\workspace\aimir-doc\help & manual\aimir\en\manual\html\aimir_eventandalarm2.png (Blocked by extensions list)
01|09/29/11 16:36:42|Skipping d:\workspace\aimir-doc\help & manual\aimir\en\manual\html\aimir_eventandalarm3.png (Blocked by extensions list)
01|09/29/11 16:36:42|Skipping d:\workspace\aimir-doc\help & manual\aimir\en\manual\html\aimir_eventandalarm3.zoom50.png (Blocked by extensions list)
01|09/29/11 16:36:42|Skipping d:\workspace\aimir-doc\help & manual\aimir\en\manual\html\aimir_eventandalarm4.png (Blocked by extensions list)
01|09/29/11 16:36:42|Skipping d:\workspace\aimir-doc\help & manual\aimir\en\manual\html\aimir_eventandalarm4.zoom50.png (Blocked by extensions list)
01|09/29/11 16:36:42|Skipping d:\workspace\aimir-doc\help & manual\aimir\en\manual\html\aimir_googlemapmax.png (Blocked by extensions list)
01|09/29/11 16:36:42|Skipping d:\workspace\aimir-doc\help & manual\aimir\en\manual\html\aimir_googlemapmax.zoom50.png (Blocked by extensions list)
01|09/29/11 16:36:42|Skipping d:\workspace\aimir-doc\help & manual\aimir\en\manual\html\aimir_googlemapmini.png (Blocked by extensions list)
01|09/29/11 16:36:42|Skipping d:\workspace\aimir-doc\help & manual\aimir\en\manual\html\aimir_groupmgmt1.png (Blocked by extensions list)
01|09/29/11 16:36:42|Skipping d:\workspace\aimir-doc\help & manual\aimir\en\manual\html\aimir_groupmgmt2.png (Blocked by extensions list)
01|09/29/11 16:36:42|Skipping d:\workspace\aimir-doc\help & manual\aimir\en\manual\html\aimir_groupmgmt2.zoom50.png (Blocked by extensions list)
01|09/29/11 16:36:42|Skipping d:\workspace\aimir-doc\help & manual\aimir\en\manual\html\aimir_help1.png (Blocked by extensions list)
01|09/29/11 16:36:42|Skipping d:\workspace\aimir-doc\help & manual\aimir\en\manual\html\aimir_help1.zoom50.png (Blocked by extensions list)
01|09/29/11 16:36:42|Skipping d:\workspace\aimir-doc\help & manual\aimir\en\manual\html\aimir_login.jpg (Blocked by extensions list)
01|09/29/11 16:36:42|Skipping d:\workspace\aimir-doc\help & manual\aimir\en\manual\html\aimir_login.zoom50.png (Blocked by extensions list)
01|09/29/11 16:36:42|Skipping d:\workspace\aimir-doc\help & manual\aimir\en\manual\html\aimir_meteringdataem1.png (Blocked by extensions list)
01|09/29/11 16:36:42|Skipping d:\workspace\aimir-doc\help & manual\aimir\en\manual\html\aimir_meteringdataem2.png (Blocked by extensions list)
01|09/29/11 16:36:42|Skipping d:\workspace\aimir-doc\help & manual\aimir\en\manual\html\aimir_meteringdataem3.png (Blocked by extensions list)
01|09/29/11 16:36:42|Skipping d:\workspace\aimir-doc\help & manual\aimir\en\manual\html\aimir_meteringdataem3.zoom50.png (Blocked by extensions list)
01|09/29/11 16:36:42|Skipping d:\workspace\aimir-doc\help & manual\aimir\en\manual\html\aimir_meteringfailem1.png (Blocked by extensions list)
01|09/29/11 16:36:42|Skipping d:\workspace\aimir-doc\help & manual\aimir\en\manual\html\aimir_meteringfailem2.png (Blocked by extensions list)
01|09/29/11 16:36:42|Skipping d:\workspace\aimir-doc\help & manual\aimir\en\manual\html\aimir_meteringfailem3.png (Blocked by extensions list)
01|09/29/11 16:36:42|Skipping d:\workspace\aimir-doc\help & manual\aimir\en\manual\html\aimir_meteringfailem3.zoom50.png (Blocked by extensions list)
01|09/29/11 16:36:42|Skipping d:\workspace\aimir-doc\help & manual\aimir\en\manual\html\aimir_meteringsla1.png (Blocked by extensions list)
01|09/29/11 16:36:42|Skipping d:\workspace\aimir-doc\help & manual\aimir\en\manual\html\aimir_meteringsla2.png (Blocked by extensions list)
01|09/29/11 16:36:42|Skipping d:\workspace\aimir-doc\help & manual\aimir\en\manual\html\aimir_meteringsla2.zoom50.png (Blocked by extensions list)
01|09/29/11 16:36:42|Skipping d:\workspace\aimir-doc\help & manual\aimir\en\manual\html\aimir_meteringsla3.png (Blocked by extensions list)
01|09/29/11 16:36:42|Skipping d:\workspace\aimir-doc\help & manual\aimir\en\manual\html\aimir_meteringsla3.zoom50.png (Blocked by extensions list)
01|09/29/11 16:36:42|Skipping d:\workspace\aimir-doc\help & manual\aimir\en\manual\html\aimir_metermgmt1.png (Blocked by extensions list)
01|09/29/11 16:36:42|Skipping d:\workspace\aimir-doc\help & manual\aimir\en\manual\html\aimir_metermgmt2.png (Blocked by extensions list)
01|09/29/11 16:36:42|Skipping d:\workspace\aimir-doc\help & manual\aimir\en\manual\html\aimir_metermgmt2.zoom50.png (Blocked by extensions list)
01|09/29/11 16:36:42|Skipping d:\workspace\aimir-doc\help & manual\aimir\en\manual\html\aimir_metermgmt3.png (Blocked by extensions list)
01|09/29/11 16:36:42|Skipping d:\workspace\aimir-doc\help & manual\aimir\en\manual\html\aimir_metermgmt3.zoom50.png (Blocked by extensions list)
01|09/29/11 16:36:42|Skipping d:\workspace\aimir-doc\help & manual\aimir\en\manual\html\aimir_metermgmt4.png (Blocked by extensions list)
01|09/29/11 16:36:42|Skipping d:\workspace\aimir-doc\help & manual\aimir\en\manual\html\aimir_metermgmt4.zoom50.png (Blocked by extensions list)
01|09/29/11 16:36:42|Skipping d:\workspace\aimir-doc\help & manual\aimir\en\manual\html\aimir_metertimemgmt1.png (Blocked by extensions list)
01|09/29/11 16:36:42|Skipping d:\workspace\aimir-doc\help & manual\aimir\en\manual\html\aimir_metertimemgmt2.png (Blocked by extensions list)
01|09/29/11 16:36:42|Skipping d:\workspace\aimir-doc\help & manual\aimir\en\manual\html\aimir_metertimemgmt3.png (Blocked by extensions list)
01|09/29/11 16:36:42|Skipping d:\workspace\aimir-doc\help & manual\aimir\en\manual\html\aimir_metertimemgmt3.zoom50.png (Blocked by extensions list)
01|09/29/11 16:36:42|Skipping d:\workspace\aimir-doc\help & manual\aimir\en\manual\html\aimir_modemmgmt1.png (Blocked by extensions list)
01|09/29/11 16:36:42|Skipping d:\workspace\aimir-doc\help & manual\aimir\en\manual\html\aimir_modemmgmt2.png (Blocked by extensions list)
01|09/29/11 16:36:42|Skipping d:\workspace\aimir-doc\help & manual\aimir\en\manual\html\aimir_modemmgmt2.zoom50.png (Blocked by extensions list)
01|09/29/11 16:36:42|Skipping d:\workspace\aimir-doc\help & manual\aimir\en\manual\html\aimir_modemmgmt3.png (Blocked by extensions list)
01|09/29/11 16:36:42|Skipping d:\workspace\aimir-doc\help & manual\aimir\en\manual\html\aimir_modemmgmt3.zoom50.png (Blocked by extensions list)
01|09/29/11 16:36:42|Skipping d:\workspace\aimir-doc\help & manual\aimir\en\manual\html\aimir_modemmgmt5.png (Blocked by extensions list)
01|09/29/11 16:36:42|Skipping d:\workspace\aimir-doc\help & manual\aimir\en\manual\html\aimir_modemmgmt5.zoom50.png (Blocked by extensions list)
01|09/29/11 16:36:42|Skipping d:\workspace\aimir-doc\help & manual\aimir\en\manual\html\aimir_modemmgmt6.png (Blocked by extensions list)
01|09/29/11 16:36:42|Skipping d:\workspace\aimir-doc\help & manual\aimir\en\manual\html\aimir_modemmgmt6.zoom50.png (Blocked by extensions list)
01|09/29/11 16:36:42|Skipping d:\workspace\aimir-doc\help & manual\aimir\en\manual\html\aimir_oprarionmgmt1.png (Blocked by extensions list)
01|09/29/11 16:36:42|Skipping d:\workspace\aimir-doc\help & manual\aimir\en\manual\html\aimir_oprarionmgmt2.png (Blocked by extensions list)
01|09/29/11 16:36:42|Skipping d:\workspace\aimir-doc\help & manual\aimir\en\manual\html\aimir_oprarionmgmt2.zoom50.png (Blocked by extensions list)
01|09/29/11 16:36:42|Skipping d:\workspace\aimir-doc\help & manual\aimir\en\manual\html\aimir_powerquality1.png (Blocked by extensions list)
01|09/29/11 16:36:42|Skipping d:\workspace\aimir-doc\help & manual\aimir\en\manual\html\aimir_powerquality2.png (Blocked by extensions list)
01|09/29/11 16:36:42|Skipping d:\workspace\aimir-doc\help & manual\aimir\en\manual\html\aimir_powerquality2.zoom50.png (Blocked by extensions list)
01|09/29/11 16:36:42|Skipping d:\workspace\aimir-doc\help & manual\aimir\en\manual\html\aimir_setting1.png (Blocked by extensions list)
01|09/29/11 16:36:42|Skipping d:\workspace\aimir-doc\help & manual\aimir\en\manual\html\aimir_setting1.zoom50.png (Blocked by extensions list)
01|09/29/11 16:36:42|Skipping d:\workspace\aimir-doc\help & manual\aimir\en\manual\html\aimir_suppliermgmt1.png (Blocked by extensions list)
01|09/29/11 16:36:42|Skipping d:\workspace\aimir-doc\help & manual\aimir\en\manual\html\aimir_suppliermgmt2.png (Blocked by extensions list)
01|09/29/11 16:36:42|Skipping d:\workspace\aimir-doc\help & manual\aimir\en\manual\html\aimir_suppliermgmt2.zoom50.png (Blocked by extensions list)
01|09/29/11 16:36:42|Skipping d:\workspace\aimir-doc\help & manual\aimir\en\manual\html\aimir_suppliermgmt3.png (Blocked by extensions list)
01|09/29/11 16:36:42|Skipping d:\workspace\aimir-doc\help & manual\aimir\en\manual\html\aimir_suppliermgmt3.zoom50.png (Blocked by extensions list)
01|09/29/11 16:36:42|Skipping d:\workspace\aimir-doc\help & manual\aimir\en\manual\html\aimir_suppliermgmt4.png (Blocked by extensions list)
01|09/29/11 16:36:42|Skipping d:\workspace\aimir-doc\help & manual\aimir\en\manual\html\aimir_suppliermgmt4.zoom50.png (Blocked by extensions list)
01|09/29/11 16:36:42|Skipping d:\workspace\aimir-doc\help & manual\aimir\en\manual\html\aimir_toureportem1.png (Blocked by extensions list)
01|09/29/11 16:36:42|Skipping d:\workspace\aimir-doc\help & manual\aimir\en\manual\html\aimir_toureportem2.png (Blocked by extensions list)
01|09/29/11 16:36:42|Skipping d:\workspace\aimir-doc\help & manual\aimir\en\manual\html\aimir_toureportem2.zoom50.png (Blocked by extensions list)
01|09/29/11 16:36:42|Skipping d:\workspace\aimir-doc\help & manual\aimir\en\manual\html\aimir_usermgmt1.png (Blocked by extensions list)
01|09/29/11 16:36:42|Skipping d:\workspace\aimir-doc\help & manual\aimir\en\manual\html\aimir_usermgmt2.png (Blocked by extensions list)
01|09/29/11 16:36:42|Skipping d:\workspace\aimir-doc\help & manual\aimir\en\manual\html\aimir_usermgmt2.zoom50.png (Blocked by extensions list)
01|09/29/11 16:36:42|Skipping d:\workspace\aimir-doc\help & manual\aimir\en\manual\html\aimir_usermgmt3.png (Blocked by extensions list)
01|09/29/11 16:36:42|Skipping d:\workspace\aimir-doc\help & manual\aimir\en\manual\html\aimir_usermgmt3.zoom50.png (Blocked by extensions list)
01|09/29/11 16:36:42|Skipping d:\workspace\aimir-doc\help & manual\aimir\en\manual\html\aimir_usermgmt4.png (Blocked by extensions list)
01|09/29/11 16:36:42|Skipping d:\workspace\aimir-doc\help & manual\aimir\en\manual\html\aimir_usermgmt4.zoom50.png (Blocked by extensions list)
01|09/29/11 16:36:42|Skipping d:\workspace\aimir-doc\help & manual\aimir\en\manual\html\bg_top.gif (Blocked by extensions list)
01|09/29/11 16:36:42|Skipping d:\workspace\aimir-doc\help & manual\aimir\en\manual\html\bg_top2.gif (Blocked by extensions list)
00|09/29/11 16:36:42|Indexing d:\workspace\aimir-doc\help & manual\aimir\en\manual\html\chapter_2.htm
01|09/29/11 16:36:42|Skipping d:\workspace\aimir-doc\help & manual\aimir\en\manual\html\cicon1.gif (Blocked by extensions list)
01|09/29/11 16:36:42|Skipping d:\workspace\aimir-doc\help & manual\aimir\en\manual\html\cicon2.gif (Blocked by extensions list)
01|09/29/11 16:36:42|Skipping d:\workspace\aimir-doc\help & manual\aimir\en\manual\html\cicon9.gif (Blocked by extensions list)
01|09/29/11 16:36:42|Skipping d:\workspace\aimir-doc\help & manual\aimir\en\manual\html\cicon_loadindex_ani.gif (Blocked by extensions list)
01|09/29/11 16:36:42|Skipping d:\workspace\aimir-doc\help & manual\aimir\en\manual\html\clip0040.jpg (Blocked by extensions list)
01|09/29/11 16:36:42|Skipping d:\workspace\aimir-doc\help & manual\aimir\en\manual\html\clip0040.zoom50.png (Blocked by extensions list)
01|09/29/11 16:36:42|Skipping d:\workspace\aimir-doc\help & manual\aimir\en\manual\html\clip0041.jpg (Blocked by extensions list)
01|09/29/11 16:36:42|Skipping d:\workspace\aimir-doc\help & manual\aimir\en\manual\html\clip0041.zoom50.png (Blocked by extensions list)
01|09/29/11 16:36:42|Skipping d:\workspace\aimir-doc\help & manual\aimir\en\manual\html\clip0044.jpg (Blocked by extensions list)
01|09/29/11 16:36:42|Skipping d:\workspace\aimir-doc\help & manual\aimir\en\manual\html\clip0045.jpg (Blocked by extensions list)
01|09/29/11 16:36:42|Skipping d:\workspace\aimir-doc\help & manual\aimir\en\manual\html\clip0045.zoom50.png (Blocked by extensions list)
01|09/29/11 16:36:42|Skipping d:\workspace\aimir-doc\help & manual\aimir\en\manual\html\clip0046.jpg (Blocked by extensions list)
01|09/29/11 16:36:42|Skipping d:\workspace\aimir-doc\help & manual\aimir\en\manual\html\clip0046.zoom50.png (Blocked by extensions list)
01|09/29/11 16:36:42|Skipping d:\workspace\aimir-doc\help & manual\aimir\en\manual\html\clip0047.jpg (Blocked by extensions list)
01|09/29/11 16:36:42|Skipping d:\workspace\aimir-doc\help & manual\aimir\en\manual\html\clip0047.zoom50.png (Blocked by extensions list)
01|09/29/11 16:36:42|Skipping d:\workspace\aimir-doc\help & manual\aimir\en\manual\html\clip0048.jpg (Blocked by extensions list)
01|09/29/11 16:36:42|Skipping d:\workspace\aimir-doc\help & manual\aimir\en\manual\html\clip0049.jpg (Blocked by extensions list)
01|09/29/11 16:36:42|Skipping d:\workspace\aimir-doc\help & manual\aimir\en\manual\html\clip0049.zoom50.png (Blocked by extensions list)
01|09/29/11 16:36:42|Skipping d:\workspace\aimir-doc\help & manual\aimir\en\manual\html\clip0050.jpg (Blocked by extensions list)
01|09/29/11 16:36:42|Skipping d:\workspace\aimir-doc\help & manual\aimir\en\manual\html\clip0050.zoom50.png (Blocked by extensions list)
01|09/29/11 16:36:42|Skipping d:\workspace\aimir-doc\help & manual\aimir\en\manual\html\clip0075.jpg (Blocked by extensions list)
00|09/29/11 16:36:42|Indexing d:\workspace\aimir-doc\help & manual\aimir\en\manual\html\dash_board.htm
01|09/29/11 16:36:42|Skipping d:\workspace\aimir-doc\help & manual\aimir\en\manual\html\data gaps(water)_max.jpg (Blocked by extensions list)
01|09/29/11 16:36:42|Skipping d:\workspace\aimir-doc\help & manual\aimir\en\manual\html\data gaps(water)_max.zoom55.png (Blocked by extensions list)
01|09/29/11 16:36:42|Skipping d:\workspace\aimir-doc\help & manual\aimir\en\manual\html\data gaps(water)_mini.jpg (Blocked by extensions list)
01|09/29/11 16:36:42|Skipping d:\workspace\aimir-doc\help & manual\aimir\en\manual\html\default.css (Blocked by extensions list)
00|09/29/11 16:36:42|Indexing d:\workspace\aimir-doc\help & manual\aimir\en\manual\html\device_dashboard.htm
01|09/29/11 16:36:42|Skipping d:\workspace\aimir-doc\help & manual\aimir\en\manual\html\embim1.png (Blocked by extensions list)
01|09/29/11 16:36:42|Skipping d:\workspace\aimir-doc\help & manual\aimir\en\manual\html\embim2.png (Blocked by extensions list)
01|09/29/11 16:36:42|Skipping d:\workspace\aimir-doc\help & manual\aimir\en\manual\html\energy management(electricity).jpg (Blocked by extensions list)
01|09/29/11 16:36:42|Skipping d:\workspace\aimir-doc\help & manual\aimir\en\manual\html\gadgetDashboardSetting1.jpg (Blocked by extensions list)
00|09/29/11 16:36:42|Indexing d:\workspace\aimir-doc\help & manual\aimir\en\manual\html\gadget_device002.htm
00|09/29/11 16:36:42|Indexing d:\workspace\aimir-doc\help & manual\aimir\en\manual\html\gadget_device003.htm
00|09/29/11 16:36:42|Indexing d:\workspace\aimir-doc\help & manual\aimir\en\manual\html\gadget_device004.htm
00|09/29/11 16:36:42|Indexing d:\workspace\aimir-doc\help & manual\aimir\en\manual\html\gadget_device005.htm
00|09/29/11 16:36:42|Indexing d:\workspace\aimir-doc\help & manual\aimir\en\manual\html\gadget_device006.htm
00|09/29/11 16:36:42|Indexing d:\workspace\aimir-doc\help & manual\aimir\en\manual\html\gadget_device007.htm
00|09/29/11 16:36:42|Indexing d:\workspace\aimir-doc\help & manual\aimir\en\manual\html\gadget_device008.htm
00|09/29/11 16:36:42|Indexing d:\workspace\aimir-doc\help & manual\aimir\en\manual\html\gadget_device009.htm
00|09/29/11 16:36:42|Indexing d:\workspace\aimir-doc\help & manual\aimir\en\manual\html\gadget_device010.htm
00|09/29/11 16:36:42|Indexing d:\workspace\aimir-doc\help & manual\aimir\en\manual\html\gadget_device011.htm
00|09/29/11 16:36:42|Indexing d:\workspace\aimir-doc\help & manual\aimir\en\manual\html\gadget_device013.htm
00|09/29/11 16:36:42|Indexing d:\workspace\aimir-doc\help & manual\aimir\en\manual\html\gadget_metering001.htm
00|09/29/11 16:36:42|Indexing d:\workspace\aimir-doc\help & manual\aimir\en\manual\html\gadget_metering005.htm
00|09/29/11 16:36:42|Indexing d:\workspace\aimir-doc\help & manual\aimir\en\manual\html\gadget_metering006.htm
00|09/29/11 16:36:42|Indexing d:\workspace\aimir-doc\help & manual\aimir\en\manual\html\gadget_metering007.htm
00|09/29/11 16:36:42|Indexing d:\workspace\aimir-doc\help & manual\aimir\en\manual\html\gadget_metering008.htm
00|09/29/11 16:36:42|Indexing d:\workspace\aimir-doc\help & manual\aimir\en\manual\html\gadget_metering008_water.htm
00|09/29/11 16:36:42|Indexing d:\workspace\aimir-doc\help & manual\aimir\en\manual\html\gadget_metering009.htm
00|09/29/11 16:36:42|Indexing d:\workspace\aimir-doc\help & manual\aimir\en\manual\html\gadget_metering010.htm
00|09/29/11 16:36:42|Indexing d:\workspace\aimir-doc\help & manual\aimir\en\manual\html\gadget_metering012.htm
00|09/29/11 16:36:42|Indexing d:\workspace\aimir-doc\help & manual\aimir\en\manual\html\gadget_metering016.htm
00|09/29/11 16:36:42|Indexing d:\workspace\aimir-doc\help & manual\aimir\en\manual\html\gadget_metering020.htm
00|09/29/11 16:36:42|Indexing d:\workspace\aimir-doc\help & manual\aimir\en\manual\html\gadget_metering021.htm
00|09/29/11 16:36:42|Indexing d:\workspace\aimir-doc\help & manual\aimir\en\manual\html\gadget_metering022.htm
00|09/29/11 16:36:42|Indexing d:\workspace\aimir-doc\help & manual\aimir\en\manual\html\gadget_metering023_electricity.htm
00|09/29/11 16:36:42|Indexing d:\workspace\aimir-doc\help & manual\aimir\en\manual\html\gadget_metering024.htm
00|09/29/11 16:36:42|Indexing d:\workspace\aimir-doc\help & manual\aimir\en\manual\html\gadget_metering025.htm
00|09/29/11 16:36:42|Indexing d:\workspace\aimir-doc\help & manual\aimir\en\manual\html\gadget_system001.htm
00|09/29/11 16:36:42|Indexing d:\workspace\aimir-doc\help & manual\aimir\en\manual\html\gadget_system002.htm
00|09/29/11 16:36:42|Indexing d:\workspace\aimir-doc\help & manual\aimir\en\manual\html\gadget_system003.htm
00|09/29/11 16:36:42|Indexing d:\workspace\aimir-doc\help & manual\aimir\en\manual\html\gadget_system004.htm
00|09/29/11 16:36:42|Indexing d:\workspace\aimir-doc\help & manual\aimir\en\manual\html\gadget_system008.htm
00|09/29/11 16:36:42|Indexing d:\workspace\aimir-doc\help & manual\aimir\en\manual\html\gadget_system010.htm
00|09/29/11 16:36:42|Indexing d:\workspace\aimir-doc\help & manual\aimir\en\manual\html\group_management.htm
01|09/29/11 16:36:42|Skipping d:\workspace\aimir-doc\help & manual\aimir\en\manual\html\helpman_topicinit.js (Blocked by extensions list)
01|09/29/11 16:36:42|Skipping d:\workspace\aimir-doc\help & manual\aimir\en\manual\html\highlight.js (Blocked by extensions list)
01|09/29/11 16:36:42|Skipping d:\workspace\aimir-doc\help & manual\aimir\en\manual\html\icon_arrow.gif (Blocked by extensions list)
01|09/29/11 16:36:42|Skipping d:\workspace\aimir-doc\help & manual\aimir\en\manual\html\icon_direction.gif (Blocked by extensions list)
01|09/29/11 16:36:42|Skipping d:\workspace\aimir-doc\help & manual\aimir\en\manual\html\../../../images/icon_direction_next.gif (Blocked by extensions list)
01|09/29/11 16:36:42|Skipping d:\workspace\aimir-doc\help & manual\aimir\en\manual\html\../../../images/icon_direction_prev.gif (Blocked by extensions list)
01|09/29/11 16:36:42|Skipping d:\workspace\aimir-doc\help & manual\aimir\en\manual\html\../../../images/icon_direction_top.gif (Blocked by extensions list)
01|09/29/11 16:36:42|Skipping d:\workspace\aimir-doc\help & manual\aimir\en\manual\html\icon_gadget.gif (Blocked by extensions list)
01|09/29/11 16:36:42|Skipping d:\workspace\aimir-doc\help & manual\aimir\en\manual\html\icon_round1.gif (Blocked by extensions list)
01|09/29/11 16:36:42|Skipping d:\workspace\aimir-doc\help & manual\aimir\en\manual\html\index.html (Blocked by extensions list)
01|09/29/11 16:36:42|Skipping d:\workspace\aimir-doc\help & manual\aimir\en\manual\html\meter event log_by event type_max.jpg (Blocked by extensions list)
01|09/29/11 16:36:42|Skipping d:\workspace\aimir-doc\help & manual\aimir\en\manual\html\meter event log_by event type_max.zoom50.png (Blocked by extensions list)
01|09/29/11 16:36:42|Skipping d:\workspace\aimir-doc\help & manual\aimir\en\manual\html\meter event log_filter setting_max.jpg (Blocked by extensions list)
01|09/29/11 16:36:42|Skipping d:\workspace\aimir-doc\help & manual\aimir\en\manual\html\meter event log_filter setting_max.zoom50.png (Blocked by extensions list)
01|09/29/11 16:36:42|Skipping d:\workspace\aimir-doc\help & manual\aimir\en\manual\html\meter event log_mini.jpg (Blocked by extensions list)
01|09/29/11 16:36:42|Skipping d:\workspace\aimir-doc\help & manual\aimir\en\manual\html\metering fail(electricity)_details_max.jpg (Blocked by extensions list)
01|09/29/11 16:36:42|Skipping d:\workspace\aimir-doc\help & manual\aimir\en\manual\html\metering fail(electricity)_details_max.zoom55.png (Blocked by extensions list)
01|09/29/11 16:36:42|Skipping d:\workspace\aimir-doc\help & manual\aimir\en\manual\html\metering fail(gas)_chart_mini.jpg (Blocked by extensions list)
01|09/29/11 16:36:42|Skipping d:\workspace\aimir-doc\help & manual\aimir\en\manual\html\metering fail(gas)_details_max.jpg (Blocked by extensions list)
01|09/29/11 16:36:42|Skipping d:\workspace\aimir-doc\help & manual\aimir\en\manual\html\metering fail(gas)_details_max.zoom55.png (Blocked by extensions list)
01|09/29/11 16:36:42|Skipping d:\workspace\aimir-doc\help & manual\aimir\en\manual\html\metering fail(gas)_grid_mini.jpg (Blocked by extensions list)
01|09/29/11 16:36:42|Skipping d:\workspace\aimir-doc\help & manual\aimir\en\manual\html\metering fail(gas)_max.jpg (Blocked by extensions list)
01|09/29/11 16:36:42|Skipping d:\workspace\aimir-doc\help & manual\aimir\en\manual\html\metering fail(gas)_max.zoom55.png (Blocked by extensions list)
01|09/29/11 16:36:42|Skipping d:\workspace\aimir-doc\help & manual\aimir\en\manual\html\metering fail(heat)_chart_mini.jpg (Blocked by extensions list)
01|09/29/11 16:36:42|Skipping d:\workspace\aimir-doc\help & manual\aimir\en\manual\html\metering fail(heat)_details_max.jpg (Blocked by extensions list)
01|09/29/11 16:36:42|Skipping d:\workspace\aimir-doc\help & manual\aimir\en\manual\html\metering fail(heat)_details_max.zoom55.png (Blocked by extensions list)
01|09/29/11 16:36:42|Skipping d:\workspace\aimir-doc\help & manual\aimir\en\manual\html\metering fail(heat)_grid_mini.jpg (Blocked by extensions list)
01|09/29/11 16:36:42|Skipping d:\workspace\aimir-doc\help & manual\aimir\en\manual\html\metering fail(heat)_max.jpg (Blocked by extensions list)
01|09/29/11 16:36:42|Skipping d:\workspace\aimir-doc\help & manual\aimir\en\manual\html\metering fail(heat)_max.zoom55.png (Blocked by extensions list)
01|09/29/11 16:36:42|Skipping d:\workspace\aimir-doc\help & manual\aimir\en\manual\html\metering fail(water)_chart_mini.jpg (Blocked by extensions list)
01|09/29/11 16:36:42|Skipping d:\workspace\aimir-doc\help & manual\aimir\en\manual\html\metering fail(water)_details_max.jpg (Blocked by extensions list)
01|09/29/11 16:36:42|Skipping d:\workspace\aimir-doc\help & manual\aimir\en\manual\html\metering fail(water)_details_max.zoom55.png (Blocked by extensions list)
01|09/29/11 16:36:42|Skipping d:\workspace\aimir-doc\help & manual\aimir\en\manual\html\metering fail(water)_grid_mini.jpg (Blocked by extensions list)
01|09/29/11 16:36:42|Skipping d:\workspace\aimir-doc\help & manual\aimir\en\manual\html\metering fail(water)_max.jpg (Blocked by extensions list)
01|09/29/11 16:36:42|Skipping d:\workspace\aimir-doc\help & manual\aimir\en\manual\html\metering fail(water)_max.zoom55.png (Blocked by extensions list)
01|09/29/11 16:36:42|Skipping d:\workspace\aimir-doc\help & manual\aimir\en\manual\html\meteringdata_max_01.zoom70.png (Blocked by extensions list)
00|09/29/11 16:36:42|Indexing d:\workspace\aimir-doc\help & manual\aimir\en\manual\html\metering_dashboard.htm
00|09/29/11 16:36:42|Indexing d:\workspace\aimir-doc\help & manual\aimir\en\manual\html\overview.htm
01|09/29/11 16:36:42|Skipping d:\workspace\aimir-doc\help & manual\aimir\en\manual\html\settings.js (Blocked by extensions list)
00|09/29/11 16:36:42|Indexing d:\workspace\aimir-doc\help & manual\aimir\en\manual\html\system_dashboard.htm
01|09/29/11 16:36:42|Skipping d:\workspace\aimir-doc\help & manual\aimir\en\manual\html\vee management(electricity).jpg (Blocked by extensions list)
01|09/29/11 16:36:42|Skipping d:\workspace\aimir-doc\help & manual\aimir\en\manual\html\vee management(electricity)_max.jpg (Blocked by extensions list)
01|09/29/11 16:36:42|Skipping d:\workspace\aimir-doc\help & manual\aimir\en\manual\html\vee management(electricity)_max.zoom50.png (Blocked by extensions list)
01|09/29/11 16:36:42|Skipping d:\workspace\aimir-doc\help & manual\aimir\en\manual\html\zindexer.log (Blocked by extensions list)
01|09/29/11 16:36:42|Skipping d:\workspace\aimir-doc\help & manual\aimir\en\manual\html\zoom_index.js (Blocked by extensions list)
01|09/29/11 16:36:42|Skipping d:\workspace\aimir-doc\help & manual\aimir\en\manual\html\zoom_pagedata.tmp (Blocked by extensions list)
01|09/29/11 16:36:42|Skipping d:\workspace\aimir-doc\help & manual\aimir\en\manual\html\zoom_pageinfo.js (Blocked by extensions list)
01|09/29/11 16:36:42|Skipping d:\workspace\aimir-doc\help & manual\aimir\en\manual\html\zoom_pageinfo.tmp (Blocked by extensions list)
01|09/29/11 16:36:42|Skipping d:\workspace\aimir-doc\help & manual\aimir\en\manual\html\zoom_search.js (Blocked by extensions list)
03|09/29/11 16:36:42|All index files will be written to: d:\workspace\aimir-doc\help & manual\aimir\en\manual\html
03|09/29/11 16:36:42|Writing index data for JavaScript search... (Please wait)
03|09/29/11 16:36:42|Dictionary written out to zoom_index.js
03|09/29/11 16:36:42|Pagedata written out to zoom_pagedata.tmp
03|09/29/11 16:36:42|Pageinfo written out to zoom_pageinfo.tmp
03|09/29/11 16:36:42|Skip words data written out to zoom_index.js
03|09/29/11 16:36:42|Created script settings file (settings.js)
10|09/29/11 16:36:42|Indexing completed at Thu Sep 29 16:36:42 2011
12|09/29/11 16:36:42|INDEX SUMMARY
12|09/29/11 16:36:42|Files indexed: 43
12|09/29/11 16:36:42|Files skipped: 215
12|09/29/11 16:36:42|Files filtered: 0
12|09/29/11 16:36:42|Files downloaded: 0
12|09/29/11 16:36:42|Unique words found: 992
12|09/29/11 16:36:42|Variant words found: 271
12|09/29/11 16:36:42|Total words found: 4197
12|09/29/11 16:36:42|Avg. unique words per page: 23.07
12|09/29/11 16:36:42|Avg. words per page: 97
12|09/29/11 16:36:42|Start index time: 16:36:41 (2011/09/29)
12|09/29/11 16:36:42|Elapsed index time: 00:00:01
12|09/29/11 16:36:42|Peak physical memory used: 48 MB
12|09/29/11 16:36:42|Peak virtual memory used: 236 MB
12|09/29/11 16:36:42|Errors: 0
12|09/29/11 16:36:42|Total bytes scanned/downloaded: 300592
12|09/29/11 16:36:42|File extensions: 
12|09/29/11 16:36:42|    .htm indexed: 43
02|09/29/11 16:36:42|Cleaning up memory used for index data... please wait.
02|09/29/11 16:36:42|Finished cleaning up memory.
08|09/29/11 16:36:42|Could not copy search script to: d:\workspace\aimir-doc\help & manual\aimir\en\manual\html\search.js
08|09/29/11 16:36:44|Could not open source template file: C:\Program Files\EC Software\HelpAndManual5\Compilers\scripts\Javascript\search_src.html
08|09/29/11 16:36:44|Failed to create search template file: d:\workspace\aimir-doc\help & manual\aimir\en\manual\html\search.html
